2019-06-21 12:33:15.412 [restartedMain] INFO  com.hxkc.Application - Starting Application on CTUN34413875A with PID 21424 (C:\work\deku\deko\target\classes started by I513372 in C:\work\deku\deko)
2019-06-21 12:33:15.416 [restartedMain] DEBUG com.hxkc.Application - Running with Spring Boot v1.5.2.RELEASE, Spring v4.3.7.RELEASE
2019-06-21 12:33:15.417 [restartedMain] INFO  com.hxkc.Application - No active profile set, falling back to default profiles: default
2019-06-21 12:33:15.944 [background-preinit] DEBUG org.jboss.logging - Logging Provider: org.jboss.logging.Slf4jLoggerProvider found via system property
2019-06-21 12:33:18.090 [restartedMain] INFO  com.alibaba.druid.pool.DruidDataSource - {dataSource-1} inited
2019-06-21 12:33:20.857 [restartedMain] DEBUG org.hibernate.SQL - select resource0_.id as id1_0_, resource0_.create_time as create_t2_0_, resource0_.description as descript3_0_, resource0_.is_hide as is_hide4_0_, resource0_.name as name5_0_, resource0_.num as num6_0_, resource0_.price as price7_0_, resource0_.source_key as source_k8_0_, resource0_.type as type9_0_, resource0_.update_time as update_10_0_ from tb_resource resource0_
2019-06-21 12:33:21.433 [restartedMain] INFO  org.apache.catalina.core.StandardService - Starting service Tomcat
2019-06-21 12:33:21.435 [restartedMain] INFO  org.apache.catalina.core.StandardEngine - Starting Servlet Engine: Apache Tomcat/8.5.11
2019-06-21 12:33:21.574 [localhost-startStop-1] INFO  org.apache.catalina.core.ContainerBase.[Tomcat].[localhost].[/] - Initializing Spring embedded WebApplicationContext
2019-06-21 12:33:22.286 [restartedMain] DEBUG net.sf.ehcache.config.ConfigurationFactory - Configuring ehcache from InputStream
2019-06-21 12:33:22.311 [restartedMain] DEBUG net.sf.ehcache.config.BeanHandler - Ignoring ehcache attribute xmlns:xsi
2019-06-21 12:33:22.311 [restartedMain] DEBUG net.sf.ehcache.config.BeanHandler - Ignoring ehcache attribute xsi:noNamespaceSchemaLocation
2019-06-21 12:33:22.312 [restartedMain] DEBUG net.sf.ehcache.config.DiskStoreConfiguration - Disk Store Path: C:\Users\i513372\AppData\Local\Temp\
2019-06-21 12:33:22.334 [restartedMain] DEBUG net.sf.ehcache.CacheManager - Creating new CacheManager with Configuration Object
2019-06-21 12:33:22.336 [restartedMain] DEBUG net.sf.ehcache.util.PropertyUtil - propertiesString is null.
2019-06-21 12:33:22.348 [restartedMain] DEBUG net.sf.ehcache.config.ConfigurationHelper - No CacheManagerEventListenerFactory class specified. Skipping...
2019-06-21 12:33:22.400 [restartedMain] DEBUG net.sf.ehcache.Cache - No BootstrapCacheLoaderFactory class specified. Skipping...
2019-06-21 12:33:22.400 [restartedMain] DEBUG net.sf.ehcache.Cache - CacheWriter factory not configured. Skipping...
2019-06-21 12:33:22.400 [restartedMain] DEBUG net.sf.ehcache.config.ConfigurationHelper - No CacheExceptionHandlerFactory class specified. Skipping...
2019-06-21 12:33:22.407 [restartedMain] DEBUG net.sf.ehcache.Cache - No BootstrapCacheLoaderFactory class specified. Skipping...
2019-06-21 12:33:22.408 [restartedMain] DEBUG net.sf.ehcache.Cache - CacheWriter factory not configured. Skipping...
2019-06-21 12:33:22.408 [restartedMain] DEBUG net.sf.ehcache.config.ConfigurationHelper - No CacheExceptionHandlerFactory class specified. Skipping...
2019-06-21 12:33:22.409 [restartedMain] WARN  net.sf.ehcache.config.CacheConfiguration - Configuration problem for cache resourceCache: MaxEntriesLocalHeap equal or greater than MaxEntriesLocalDisk. This will result in useless disk storage.
2019-06-21 12:33:22.424 [restartedMain] DEBUG net.sf.ehcache.DiskStorePathManager - Using diskstore path C:\Users\i513372\AppData\Local\Temp
2019-06-21 12:33:22.425 [restartedMain] DEBUG net.sf.ehcache.DiskStorePathManager - Holding exclusive lock on C:\Users\i513372\AppData\Local\Temp\.ehcache-diskstore.lock
2019-06-21 12:33:22.425 [restartedMain] DEBUG net.sf.ehcache.store.disk.DiskStorageFactory - Failed to delete file resource%0043ache.data
2019-06-21 12:33:22.426 [restartedMain] DEBUG net.sf.ehcache.store.disk.DiskStorageFactory - Failed to delete file resource%0043ache.index
2019-06-21 12:33:22.433 [restartedMain] DEBUG net.sf.ehcache.store.disk.DiskStorageFactory - Matching data file missing (or empty) for index file. Deleting index file C:\Users\i513372\AppData\Local\Temp\resource%0043ache.index
2019-06-21 12:33:22.434 [restartedMain] DEBUG net.sf.ehcache.store.disk.DiskStorageFactory - Failed to delete file resource%0043ache.index
2019-06-21 12:33:22.500 [restartedMain] DEBUG net.sf.ehcache.statistics.extended.ExtendedStatisticsImpl - Mocking Pass-Through Statistic: LOCAL_OFFHEAP_SIZE
2019-06-21 12:33:22.501 [restartedMain] DEBUG net.sf.ehcache.statistics.extended.ExtendedStatisticsImpl - Mocking Pass-Through Statistic: LOCAL_OFFHEAP_SIZE_BYTES
2019-06-21 12:33:22.501 [restartedMain] DEBUG net.sf.ehcache.statistics.extended.ExtendedStatisticsImpl - Mocking Pass-Through Statistic: WRITER_QUEUE_LENGTH
2019-06-21 12:33:22.502 [restartedMain] DEBUG net.sf.ehcache.statistics.extended.ExtendedStatisticsImpl - Mocking Pass-Through Statistic: REMOTE_SIZE
2019-06-21 12:33:22.502 [restartedMain] DEBUG net.sf.ehcache.statistics.extended.ExtendedStatisticsImpl - Mocking Pass-Through Statistic: LAST_REJOIN_TIMESTAMP
2019-06-21 12:33:22.516 [restartedMain] DEBUG net.sf.ehcache.statistics.extended.ExtendedStatisticsImpl - Mocking Operation Statistic: OFFHEAP_GET
2019-06-21 12:33:22.517 [restartedMain] DEBUG net.sf.ehcache.statistics.extended.ExtendedStatisticsImpl - Mocking Operation Statistic: OFFHEAP_PUT
2019-06-21 12:33:22.518 [restartedMain] DEBUG net.sf.ehcache.statistics.extended.ExtendedStatisticsImpl - Mocking Operation Statistic: OFFHEAP_REMOVE
2019-06-21 12:33:22.519 [restartedMain] DEBUG net.sf.ehcache.statistics.extended.ExtendedStatisticsImpl - Mocking Operation Statistic: XA_COMMIT
2019-06-21 12:33:22.520 [restartedMain] DEBUG net.sf.ehcache.statistics.extended.ExtendedStatisticsImpl - Mocking Operation Statistic: XA_ROLLBACK
2019-06-21 12:33:22.520 [restartedMain] DEBUG net.sf.ehcache.statistics.extended.ExtendedStatisticsImpl - Mocking Operation Statistic: XA_RECOVERY
2019-06-21 12:33:22.521 [restartedMain] DEBUG net.sf.ehcache.statistics.extended.ExtendedStatisticsImpl - Mocking Operation Statistic: CLUSTER_EVENT
2019-06-21 12:33:22.521 [restartedMain] DEBUG net.sf.ehcache.statistics.extended.ExtendedStatisticsImpl - Mocking Operation Statistic: NONSTOP
2019-06-21 12:33:22.526 [restartedMain] DEBUG net.sf.ehcache.Cache - Initialised cache: resourceCache
2019-06-21 12:33:22.526 [restartedMain] DEBUG net.sf.ehcache.config.ConfigurationHelper - CacheDecoratorFactory not configured. Skipping for 'resourceCache'.
2019-06-21 12:33:22.527 [restartedMain] DEBUG net.sf.ehcache.config.ConfigurationHelper - CacheDecoratorFactory not configured for defaultCache. Skipping for 'resourceCache'.
2019-06-21 12:33:23.928 [restartedMain] INFO  org.apache.coyote.http11.Http11NioProtocol - Initializing ProtocolHandler ["http-nio-80"]
2019-06-21 12:33:23.940 [restartedMain] INFO  org.apache.coyote.http11.Http11NioProtocol - Starting ProtocolHandler [http-nio-80]
2019-06-21 12:33:23.952 [restartedMain] INFO  org.apache.tomcat.util.net.NioSelectorPool - Using a shared selector for servlet write/read
2019-06-21 12:33:23.974 [restartedMain] INFO  com.hxkc.Application - Started Application in 8.977 seconds (JVM running for 9.952)
2019-06-21 12:33:23.974 [restartedMain] DEBUG com.hxkc.Application - 启动成功
2019-06-21 12:33:33.931 [http-nio-80-exec-1] INFO  org.apache.catalina.core.ContainerBase.[Tomcat].[localhost].[/] - Initializing Spring FrameworkServlet 'dispatcherServlet'
2019-06-21 12:33:40.368 [http-nio-80-exec-5] DEBUG org.hibernate.SQL - select user0_.id as id1_5_, user0_.address as address2_5_, user0_.birthday as birthday3_5_, user0_.create_time as create_t4_5_, user0_.delete_status as delete_s5_5_, user0_.description as descript6_5_, user0_.email as email7_5_, user0_.locked as locked8_5_, user0_.nick_name as nick_nam9_5_, user0_.password as passwor10_5_, user0_.sex as sex11_5_, user0_.telephone as telepho12_5_, user0_.update_time as update_13_5_, user0_.user_name as user_na14_5_ from tb_user user0_ where user0_.user_name=?
2019-06-21 12:33:40.450 [http-nio-80-exec-10] DEBUG org.hibernate.SQL - select user0_.id as id1_5_, user0_.address as address2_5_, user0_.birthday as birthday3_5_, user0_.create_time as create_t4_5_, user0_.delete_status as delete_s5_5_, user0_.description as descript6_5_, user0_.email as email7_5_, user0_.locked as locked8_5_, user0_.nick_name as nick_nam9_5_, user0_.password as passwor10_5_, user0_.sex as sex11_5_, user0_.telephone as telepho12_5_, user0_.update_time as update_13_5_, user0_.user_name as user_na14_5_ from tb_user user0_ where user0_.user_name=?
2019-06-21 12:33:40.454 [http-nio-80-exec-10] DEBUG org.hibernate.SQL - select roles0_.user_id as user_id1_6_0_, roles0_.role_id as role_id2_6_0_, role1_.id as id1_3_1_, role1_.create_time as create_t2_3_1_, role1_.description as descript3_3_1_, role1_.name as name4_3_1_, role1_.role_key as role_key5_3_1_, role1_.status as status6_3_1_, role1_.update_time as update_t7_3_1_ from tb_user_role roles0_ inner join tb_role role1_ on roles0_.role_id=role1_.id where roles0_.user_id=?
2019-06-21 12:33:40.469 [http-nio-80-exec-10] DEBUG org.hibernate.SQL - select resources0_.role_id as role_id1_4_0_, resources0_.resource_id as resource2_4_0_, resource1_.id as id1_0_1_, resource1_.create_time as create_t2_0_1_, resource1_.description as descript3_0_1_, resource1_.is_hide as is_hide4_0_1_, resource1_.name as name5_0_1_, resource1_.num as num6_0_1_, resource1_.price as price7_0_1_, resource1_.source_key as source_k8_0_1_, resource1_.type as type9_0_1_, resource1_.update_time as update_10_0_1_ from tb_role_resource resources0_ inner join tb_resource resource1_ on resources0_.resource_id=resource1_.id where resources0_.role_id=?
2019-06-21 12:33:40.478 [http-nio-80-exec-10] DEBUG org.hibernate.SQL - select user0_.id as id1_5_, user0_.address as address2_5_, user0_.birthday as birthday3_5_, user0_.create_time as create_t4_5_, user0_.delete_status as delete_s5_5_, user0_.description as descript6_5_, user0_.email as email7_5_, user0_.locked as locked8_5_, user0_.nick_name as nick_nam9_5_, user0_.password as passwor10_5_, user0_.sex as sex11_5_, user0_.telephone as telepho12_5_, user0_.update_time as update_13_5_, user0_.user_name as user_na14_5_ from tb_user user0_ where user0_.user_name=?
2019-06-21 12:33:40.481 [http-nio-80-exec-10] DEBUG org.hibernate.SQL - select user0_.id as id1_5_, user0_.address as address2_5_, user0_.birthday as birthday3_5_, user0_.create_time as create_t4_5_, user0_.delete_status as delete_s5_5_, user0_.description as descript6_5_, user0_.email as email7_5_, user0_.locked as locked8_5_, user0_.nick_name as nick_nam9_5_, user0_.password as passwor10_5_, user0_.sex as sex11_5_, user0_.telephone as telepho12_5_, user0_.update_time as update_13_5_, user0_.user_name as user_na14_5_ from tb_user user0_ where user0_.user_name=?
2019-06-21 12:33:40.487 [http-nio-80-exec-10] ERROR PrincipalTag - Unable to find class for name [net.sppan.base.entity.User]
java.lang.ClassNotFoundException: net.sppan.base.entity.User
	at java.net.URLClassLoader.findClass(URLClassLoader.java:382)
	at java.lang.ClassLoader.loadClass(ClassLoader.java:424)
	at sun.misc.Launcher$AppClassLoader.loadClass(Launcher.java:349)
	at java.lang.ClassLoader.loadClass(ClassLoader.java:357)
	at org.springframework.boot.devtools.restart.classloader.RestartClassLoader.loadClass(RestartClassLoader.java:151)
	at java.lang.ClassLoader.loadClass(ClassLoader.java:357)
	at java.lang.Class.forName0(Native Method)
	at java.lang.Class.forName(Class.java:264)
	at com.hxkc.config.shiro.freemarker.PrincipalTag.getPrincipalFromClassName(PrincipalTag.java:90)
	at com.hxkc.config.shiro.freemarker.PrincipalTag.render(PrincipalTag.java:60)
	at com.hxkc.config.shiro.freemarker.SecureTag.execute(SecureTag.java:16)
	at freemarker.core.Environment.visit(Environment.java:427)
	at freemarker.core.UnifiedCall.accept(UnifiedCall.java:101)
	at freemarker.core.Environment.visit(Environment.java:327)
	at freemarker.core.Environment.visit(Environment.java:333)
	at freemarker.core.Environment.process(Environment.java:306)
	at freemarker.template.Template.process(Template.java:386)
	at org.springframework.web.servlet.view.freemarker.FreeMarkerView.processTemplate(FreeMarkerView.java:367)
	at org.springframework.web.servlet.view.freemarker.FreeMarkerView.doRender(FreeMarkerView.java:284)
	at org.springframework.web.servlet.view.freemarker.FreeMarkerView.renderMergedTemplateModel(FreeMarkerView.java:234)
	at org.springframework.web.servlet.view.AbstractTemplateView.renderMergedOutputModel(AbstractTemplateView.java:167)
	at org.springframework.web.servlet.view.AbstractView.render(AbstractView.java:303)
	at org.springframework.web.servlet.DispatcherServlet.render(DispatcherServlet.java:1282)
	at org.springframework.web.servlet.DispatcherServlet.processDispatchResult(DispatcherServlet.java:1037)
	at org.springframework.web.servlet.DispatcherServlet.doDispatch(DispatcherServlet.java:980)
	at org.springframework.web.servlet.DispatcherServlet.doService(DispatcherServlet.java:897)
	at org.springframework.web.servlet.FrameworkServlet.processRequest(FrameworkServlet.java:970)
	at org.springframework.web.servlet.FrameworkServlet.doGet(FrameworkServlet.java:861)
	at javax.servlet.http.HttpServlet.service(HttpServlet.java:622)
	at org.springframework.web.servlet.FrameworkServlet.service(FrameworkServlet.java:846)
	at javax.servlet.http.HttpServlet.service(HttpServlet.java:729)
	at org.apache.catalina.core.ApplicationFilterChain.internalDoFilter(ApplicationFilterChain.java:230)
	at org.apache.catalina.core.ApplicationFilterChain.doFilter(ApplicationFilterChain.java:165)
	at org.apache.tomcat.websocket.server.WsFilter.doFilter(WsFilter.java:52)
	at org.apache.catalina.core.ApplicationFilterChain.internalDoFilter(ApplicationFilterChain.java:192)
	at org.apache.catalina.core.ApplicationFilterChain.doFilter(ApplicationFilterChain.java:165)
	at org.apache.shiro.web.servlet.ProxiedFilterChain.doFilter(ProxiedFilterChain.java:61)
	at org.apache.shiro.web.servlet.AdviceFilter.executeChain(AdviceFilter.java:108)
	at org.apache.shiro.web.servlet.AdviceFilter.doFilterInternal(AdviceFilter.java:137)
	at org.apache.shiro.web.servlet.OncePerRequestFilter.doFilter(OncePerRequestFilter.java:125)
	at org.apache.shiro.web.servlet.ProxiedFilterChain.doFilter(ProxiedFilterChain.java:66)
	at org.apache.shiro.web.servlet.AbstractShiroFilter.executeChain(AbstractShiroFilter.java:449)
	at org.apache.shiro.web.servlet.AbstractShiroFilter$1.call(AbstractShiroFilter.java:365)
	at org.apache.shiro.subject.support.SubjectCallable.doCall(SubjectCallable.java:90)
	at org.apache.shiro.subject.support.SubjectCallable.call(SubjectCallable.java:83)
	at org.apache.shiro.subject.support.DelegatingSubject.execute(DelegatingSubject.java:383)
	at org.apache.shiro.web.servlet.AbstractShiroFilter.doFilterInternal(AbstractShiroFilter.java:362)
	at org.apache.shiro.web.servlet.OncePerRequestFilter.doFilter(OncePerRequestFilter.java:125)
	at org.apache.catalina.core.ApplicationFilterChain.internalDoFilter(ApplicationFilterChain.java:192)
	at org.apache.catalina.core.ApplicationFilterChain.doFilter(ApplicationFilterChain.java:165)
	at org.springframework.orm.jpa.support.OpenEntityManagerInViewFilter.doFilterInternal(OpenEntityManagerInViewFilter.java:178)
	at org.springframework.web.filter.OncePerRequestFilter.doFilter(OncePerRequestFilter.java:107)
	at org.apache.catalina.core.ApplicationFilterChain.internalDoFilter(ApplicationFilterChain.java:192)
	at org.apache.catalina.core.ApplicationFilterChain.doFilter(ApplicationFilterChain.java:165)
	at org.springframework.web.filter.RequestContextFilter.doFilterInternal(RequestContextFilter.java:99)
	at org.springframework.web.filter.OncePerRequestFilter.doFilter(OncePerRequestFilter.java:107)
	at org.apache.catalina.core.ApplicationFilterChain.internalDoFilter(ApplicationFilterChain.java:192)
	at org.apache.catalina.core.ApplicationFilterChain.doFilter(ApplicationFilterChain.java:165)
	at org.springframework.web.filter.HttpPutFormContentFilter.doFilterInternal(HttpPutFormContentFilter.java:105)
	at org.springframework.web.filter.OncePerRequestFilter.doFilter(OncePerRequestFilter.java:107)
	at org.apache.catalina.core.ApplicationFilterChain.internalDoFilter(ApplicationFilterChain.java:192)
	at org.apache.catalina.core.ApplicationFilterChain.doFilter(ApplicationFilterChain.java:165)
	at org.springframework.web.filter.HiddenHttpMethodFilter.doFilterInternal(HiddenHttpMethodFilter.java:81)
	at org.springframework.web.filter.OncePerRequestFilter.doFilter(OncePerRequestFilter.java:107)
	at org.apache.catalina.core.ApplicationFilterChain.internalDoFilter(ApplicationFilterChain.java:192)
	at org.apache.catalina.core.ApplicationFilterChain.doFilter(ApplicationFilterChain.java:165)
	at org.springframework.web.filter.CharacterEncodingFilter.doFilterInternal(CharacterEncodingFilter.java:197)
	at org.springframework.web.filter.OncePerRequestFilter.doFilter(OncePerRequestFilter.java:107)
	at org.apache.catalina.core.ApplicationFilterChain.internalDoFilter(ApplicationFilterChain.java:192)
	at org.apache.catalina.core.ApplicationFilterChain.doFilter(ApplicationFilterChain.java:165)
	at org.apache.catalina.core.StandardWrapperValve.invoke(StandardWrapperValve.java:198)
	at org.apache.catalina.core.StandardContextValve.invoke(StandardContextValve.java:96)
	at org.apache.catalina.authenticator.AuthenticatorBase.invoke(AuthenticatorBase.java:474)
	at org.apache.catalina.core.StandardHostValve.invoke(StandardHostValve.java:140)
	at org.apache.catalina.valves.ErrorReportValve.invoke(ErrorReportValve.java:79)
	at org.apache.catalina.core.StandardEngineValve.invoke(StandardEngineValve.java:87)
	at org.apache.catalina.connector.CoyoteAdapter.service(CoyoteAdapter.java:349)
	at org.apache.coyote.http11.Http11Processor.service(Http11Processor.java:783)
	at org.apache.coyote.AbstractProcessorLight.process(AbstractProcessorLight.java:66)
	at org.apache.coyote.AbstractProtocol$ConnectionHandler.process(AbstractProtocol.java:798)
	at org.apache.tomcat.util.net.NioEndpoint$SocketProcessor.doRun(NioEndpoint.java:1434)
	at org.apache.tomcat.util.net.SocketProcessorBase.run(SocketProcessorBase.java:49)
	at java.util.concurrent.ThreadPoolExecutor.runWorker(ThreadPoolExecutor.java:1149)
	at java.util.concurrent.ThreadPoolExecutor$Worker.run(ThreadPoolExecutor.java:624)
	at org.apache.tomcat.util.threads.TaskThread$WrappingRunnable.run(TaskThread.java:61)
	at java.lang.Thread.run(Thread.java:748)
2019-06-21 12:33:40.488 [http-nio-80-exec-10] ERROR PrincipalTag - Unable to find class for name [net.sppan.base.entity.User]
java.lang.ClassNotFoundException: net.sppan.base.entity.User
	at java.net.URLClassLoader.findClass(URLClassLoader.java:382)
	at java.lang.ClassLoader.loadClass(ClassLoader.java:424)
	at sun.misc.Launcher$AppClassLoader.loadClass(Launcher.java:349)
	at java.lang.ClassLoader.loadClass(ClassLoader.java:357)
	at org.springframework.boot.devtools.restart.classloader.RestartClassLoader.loadClass(RestartClassLoader.java:151)
	at java.lang.ClassLoader.loadClass(ClassLoader.java:357)
	at java.lang.Class.forName0(Native Method)
	at java.lang.Class.forName(Class.java:264)
	at com.hxkc.config.shiro.freemarker.PrincipalTag.getPrincipalFromClassName(PrincipalTag.java:90)
	at com.hxkc.config.shiro.freemarker.PrincipalTag.render(PrincipalTag.java:60)
	at com.hxkc.config.shiro.freemarker.SecureTag.execute(SecureTag.java:16)
	at freemarker.core.Environment.visit(Environment.java:427)
	at freemarker.core.UnifiedCall.accept(UnifiedCall.java:101)
	at freemarker.core.Environment.visit(Environment.java:327)
	at freemarker.core.Environment.visit(Environment.java:333)
	at freemarker.core.Environment.process(Environment.java:306)
	at freemarker.template.Template.process(Template.java:386)
	at org.springframework.web.servlet.view.freemarker.FreeMarkerView.processTemplate(FreeMarkerView.java:367)
	at org.springframework.web.servlet.view.freemarker.FreeMarkerView.doRender(FreeMarkerView.java:284)
	at org.springframework.web.servlet.view.freemarker.FreeMarkerView.renderMergedTemplateModel(FreeMarkerView.java:234)
	at org.springframework.web.servlet.view.AbstractTemplateView.renderMergedOutputModel(AbstractTemplateView.java:167)
	at org.springframework.web.servlet.view.AbstractView.render(AbstractView.java:303)
	at org.springframework.web.servlet.DispatcherServlet.render(DispatcherServlet.java:1282)
	at org.springframework.web.servlet.DispatcherServlet.processDispatchResult(DispatcherServlet.java:1037)
	at org.springframework.web.servlet.DispatcherServlet.doDispatch(DispatcherServlet.java:980)
	at org.springframework.web.servlet.DispatcherServlet.doService(DispatcherServlet.java:897)
	at org.springframework.web.servlet.FrameworkServlet.processRequest(FrameworkServlet.java:970)
	at org.springframework.web.servlet.FrameworkServlet.doGet(FrameworkServlet.java:861)
	at javax.servlet.http.HttpServlet.service(HttpServlet.java:622)
	at org.springframework.web.servlet.FrameworkServlet.service(FrameworkServlet.java:846)
	at javax.servlet.http.HttpServlet.service(HttpServlet.java:729)
	at org.apache.catalina.core.ApplicationFilterChain.internalDoFilter(ApplicationFilterChain.java:230)
	at org.apache.catalina.core.ApplicationFilterChain.doFilter(ApplicationFilterChain.java:165)
	at org.apache.tomcat.websocket.server.WsFilter.doFilter(WsFilter.java:52)
	at org.apache.catalina.core.ApplicationFilterChain.internalDoFilter(ApplicationFilterChain.java:192)
	at org.apache.catalina.core.ApplicationFilterChain.doFilter(ApplicationFilterChain.java:165)
	at org.apache.shiro.web.servlet.ProxiedFilterChain.doFilter(ProxiedFilterChain.java:61)
	at org.apache.shiro.web.servlet.AdviceFilter.executeChain(AdviceFilter.java:108)
	at org.apache.shiro.web.servlet.AdviceFilter.doFilterInternal(AdviceFilter.java:137)
	at org.apache.shiro.web.servlet.OncePerRequestFilter.doFilter(OncePerRequestFilter.java:125)
	at org.apache.shiro.web.servlet.ProxiedFilterChain.doFilter(ProxiedFilterChain.java:66)
	at org.apache.shiro.web.servlet.AbstractShiroFilter.executeChain(AbstractShiroFilter.java:449)
	at org.apache.shiro.web.servlet.AbstractShiroFilter$1.call(AbstractShiroFilter.java:365)
	at org.apache.shiro.subject.support.SubjectCallable.doCall(SubjectCallable.java:90)
	at org.apache.shiro.subject.support.SubjectCallable.call(SubjectCallable.java:83)
	at org.apache.shiro.subject.support.DelegatingSubject.execute(DelegatingSubject.java:383)
	at org.apache.shiro.web.servlet.AbstractShiroFilter.doFilterInternal(AbstractShiroFilter.java:362)
	at org.apache.shiro.web.servlet.OncePerRequestFilter.doFilter(OncePerRequestFilter.java:125)
	at org.apache.catalina.core.ApplicationFilterChain.internalDoFilter(ApplicationFilterChain.java:192)
	at org.apache.catalina.core.ApplicationFilterChain.doFilter(ApplicationFilterChain.java:165)
	at org.springframework.orm.jpa.support.OpenEntityManagerInViewFilter.doFilterInternal(OpenEntityManagerInViewFilter.java:178)
	at org.springframework.web.filter.OncePerRequestFilter.doFilter(OncePerRequestFilter.java:107)
	at org.apache.catalina.core.ApplicationFilterChain.internalDoFilter(ApplicationFilterChain.java:192)
	at org.apache.catalina.core.ApplicationFilterChain.doFilter(ApplicationFilterChain.java:165)
	at org.springframework.web.filter.RequestContextFilter.doFilterInternal(RequestContextFilter.java:99)
	at org.springframework.web.filter.OncePerRequestFilter.doFilter(OncePerRequestFilter.java:107)
	at org.apache.catalina.core.ApplicationFilterChain.internalDoFilter(ApplicationFilterChain.java:192)
	at org.apache.catalina.core.ApplicationFilterChain.doFilter(ApplicationFilterChain.java:165)
	at org.springframework.web.filter.HttpPutFormContentFilter.doFilterInternal(HttpPutFormContentFilter.java:105)
	at org.springframework.web.filter.OncePerRequestFilter.doFilter(OncePerRequestFilter.java:107)
	at org.apache.catalina.core.ApplicationFilterChain.internalDoFilter(ApplicationFilterChain.java:192)
	at org.apache.catalina.core.ApplicationFilterChain.doFilter(ApplicationFilterChain.java:165)
	at org.springframework.web.filter.HiddenHttpMethodFilter.doFilterInternal(HiddenHttpMethodFilter.java:81)
	at org.springframework.web.filter.OncePerRequestFilter.doFilter(OncePerRequestFilter.java:107)
	at org.apache.catalina.core.ApplicationFilterChain.internalDoFilter(ApplicationFilterChain.java:192)
	at org.apache.catalina.core.ApplicationFilterChain.doFilter(ApplicationFilterChain.java:165)
	at org.springframework.web.filter.CharacterEncodingFilter.doFilterInternal(CharacterEncodingFilter.java:197)
	at org.springframework.web.filter.OncePerRequestFilter.doFilter(OncePerRequestFilter.java:107)
	at org.apache.catalina.core.ApplicationFilterChain.internalDoFilter(ApplicationFilterChain.java:192)
	at org.apache.catalina.core.ApplicationFilterChain.doFilter(ApplicationFilterChain.java:165)
	at org.apache.catalina.core.StandardWrapperValve.invoke(StandardWrapperValve.java:198)
	at org.apache.catalina.core.StandardContextValve.invoke(StandardContextValve.java:96)
	at org.apache.catalina.authenticator.AuthenticatorBase.invoke(AuthenticatorBase.java:474)
	at org.apache.catalina.core.StandardHostValve.invoke(StandardHostValve.java:140)
	at org.apache.catalina.valves.ErrorReportValve.invoke(ErrorReportValve.java:79)
	at org.apache.catalina.core.StandardEngineValve.invoke(StandardEngineValve.java:87)
	at org.apache.catalina.connector.CoyoteAdapter.service(CoyoteAdapter.java:349)
	at org.apache.coyote.http11.Http11Processor.service(Http11Processor.java:783)
	at org.apache.coyote.AbstractProcessorLight.process(AbstractProcessorLight.java:66)
	at org.apache.coyote.AbstractProtocol$ConnectionHandler.process(AbstractProtocol.java:798)
	at org.apache.tomcat.util.net.NioEndpoint$SocketProcessor.doRun(NioEndpoint.java:1434)
	at org.apache.tomcat.util.net.SocketProcessorBase.run(SocketProcessorBase.java:49)
	at java.util.concurrent.ThreadPoolExecutor.runWorker(ThreadPoolExecutor.java:1149)
	at java.util.concurrent.ThreadPoolExecutor$Worker.run(ThreadPoolExecutor.java:624)
	at org.apache.tomcat.util.threads.TaskThread$WrappingRunnable.run(TaskThread.java:61)
	at java.lang.Thread.run(Thread.java:748)
2019-06-21 12:33:40.490 [http-nio-80-exec-10] ERROR PrincipalTag - Unable to find class for name [net.sppan.base.entity.User]
java.lang.ClassNotFoundException: net.sppan.base.entity.User
	at java.net.URLClassLoader.findClass(URLClassLoader.java:382)
	at java.lang.ClassLoader.loadClass(ClassLoader.java:424)
	at sun.misc.Launcher$AppClassLoader.loadClass(Launcher.java:349)
	at java.lang.ClassLoader.loadClass(ClassLoader.java:357)
	at org.springframework.boot.devtools.restart.classloader.RestartClassLoader.loadClass(RestartClassLoader.java:151)
	at java.lang.ClassLoader.loadClass(ClassLoader.java:357)
	at java.lang.Class.forName0(Native Method)
	at java.lang.Class.forName(Class.java:264)
	at com.hxkc.config.shiro.freemarker.PrincipalTag.getPrincipalFromClassName(PrincipalTag.java:90)
	at com.hxkc.config.shiro.freemarker.PrincipalTag.render(PrincipalTag.java:60)
	at com.hxkc.config.shiro.freemarker.SecureTag.execute(SecureTag.java:16)
	at freemarker.core.Environment.visit(Environment.java:427)
	at freemarker.core.UnifiedCall.accept(UnifiedCall.java:101)
	at freemarker.core.Environment.visit(Environment.java:327)
	at freemarker.core.Environment.visit(Environment.java:333)
	at freemarker.core.Environment.process(Environment.java:306)
	at freemarker.template.Template.process(Template.java:386)
	at org.springframework.web.servlet.view.freemarker.FreeMarkerView.processTemplate(FreeMarkerView.java:367)
	at org.springframework.web.servlet.view.freemarker.FreeMarkerView.doRender(FreeMarkerView.java:284)
	at org.springframework.web.servlet.view.freemarker.FreeMarkerView.renderMergedTemplateModel(FreeMarkerView.java:234)
	at org.springframework.web.servlet.view.AbstractTemplateView.renderMergedOutputModel(AbstractTemplateView.java:167)
	at org.springframework.web.servlet.view.AbstractView.render(AbstractView.java:303)
	at org.springframework.web.servlet.DispatcherServlet.render(DispatcherServlet.java:1282)
	at org.springframework.web.servlet.DispatcherServlet.processDispatchResult(DispatcherServlet.java:1037)
	at org.springframework.web.servlet.DispatcherServlet.doDispatch(DispatcherServlet.java:980)
	at org.springframework.web.servlet.DispatcherServlet.doService(DispatcherServlet.java:897)
	at org.springframework.web.servlet.FrameworkServlet.processRequest(FrameworkServlet.java:970)
	at org.springframework.web.servlet.FrameworkServlet.doGet(FrameworkServlet.java:861)
	at javax.servlet.http.HttpServlet.service(HttpServlet.java:622)
	at org.springframework.web.servlet.FrameworkServlet.service(FrameworkServlet.java:846)
	at javax.servlet.http.HttpServlet.service(HttpServlet.java:729)
	at org.apache.catalina.core.ApplicationFilterChain.internalDoFilter(ApplicationFilterChain.java:230)
	at org.apache.catalina.core.ApplicationFilterChain.doFilter(ApplicationFilterChain.java:165)
	at org.apache.tomcat.websocket.server.WsFilter.doFilter(WsFilter.java:52)
	at org.apache.catalina.core.ApplicationFilterChain.internalDoFilter(ApplicationFilterChain.java:192)
	at org.apache.catalina.core.ApplicationFilterChain.doFilter(ApplicationFilterChain.java:165)
	at org.apache.shiro.web.servlet.ProxiedFilterChain.doFilter(ProxiedFilterChain.java:61)
	at org.apache.shiro.web.servlet.AdviceFilter.executeChain(AdviceFilter.java:108)
	at org.apache.shiro.web.servlet.AdviceFilter.doFilterInternal(AdviceFilter.java:137)
	at org.apache.shiro.web.servlet.OncePerRequestFilter.doFilter(OncePerRequestFilter.java:125)
	at org.apache.shiro.web.servlet.ProxiedFilterChain.doFilter(ProxiedFilterChain.java:66)
	at org.apache.shiro.web.servlet.AbstractShiroFilter.executeChain(AbstractShiroFilter.java:449)
	at org.apache.shiro.web.servlet.AbstractShiroFilter$1.call(AbstractShiroFilter.java:365)
	at org.apache.shiro.subject.support.SubjectCallable.doCall(SubjectCallable.java:90)
	at org.apache.shiro.subject.support.SubjectCallable.call(SubjectCallable.java:83)
	at org.apache.shiro.subject.support.DelegatingSubject.execute(DelegatingSubject.java:383)
	at org.apache.shiro.web.servlet.AbstractShiroFilter.doFilterInternal(AbstractShiroFilter.java:362)
	at org.apache.shiro.web.servlet.OncePerRequestFilter.doFilter(OncePerRequestFilter.java:125)
	at org.apache.catalina.core.ApplicationFilterChain.internalDoFilter(ApplicationFilterChain.java:192)
	at org.apache.catalina.core.ApplicationFilterChain.doFilter(ApplicationFilterChain.java:165)
	at org.springframework.orm.jpa.support.OpenEntityManagerInViewFilter.doFilterInternal(OpenEntityManagerInViewFilter.java:178)
	at org.springframework.web.filter.OncePerRequestFilter.doFilter(OncePerRequestFilter.java:107)
	at org.apache.catalina.core.ApplicationFilterChain.internalDoFilter(ApplicationFilterChain.java:192)
	at org.apache.catalina.core.ApplicationFilterChain.doFilter(ApplicationFilterChain.java:165)
	at org.springframework.web.filter.RequestContextFilter.doFilterInternal(RequestContextFilter.java:99)
	at org.springframework.web.filter.OncePerRequestFilter.doFilter(OncePerRequestFilter.java:107)
	at org.apache.catalina.core.ApplicationFilterChain.internalDoFilter(ApplicationFilterChain.java:192)
	at org.apache.catalina.core.ApplicationFilterChain.doFilter(ApplicationFilterChain.java:165)
	at org.springframework.web.filter.HttpPutFormContentFilter.doFilterInternal(HttpPutFormContentFilter.java:105)
	at org.springframework.web.filter.OncePerRequestFilter.doFilter(OncePerRequestFilter.java:107)
	at org.apache.catalina.core.ApplicationFilterChain.internalDoFilter(ApplicationFilterChain.java:192)
	at org.apache.catalina.core.ApplicationFilterChain.doFilter(ApplicationFilterChain.java:165)
	at org.springframework.web.filter.HiddenHttpMethodFilter.doFilterInternal(HiddenHttpMethodFilter.java:81)
	at org.springframework.web.filter.OncePerRequestFilter.doFilter(OncePerRequestFilter.java:107)
	at org.apache.catalina.core.ApplicationFilterChain.internalDoFilter(ApplicationFilterChain.java:192)
	at org.apache.catalina.core.ApplicationFilterChain.doFilter(ApplicationFilterChain.java:165)
	at org.springframework.web.filter.CharacterEncodingFilter.doFilterInternal(CharacterEncodingFilter.java:197)
	at org.springframework.web.filter.OncePerRequestFilter.doFilter(OncePerRequestFilter.java:107)
	at org.apache.catalina.core.ApplicationFilterChain.internalDoFilter(ApplicationFilterChain.java:192)
	at org.apache.catalina.core.ApplicationFilterChain.doFilter(ApplicationFilterChain.java:165)
	at org.apache.catalina.core.StandardWrapperValve.invoke(StandardWrapperValve.java:198)
	at org.apache.catalina.core.StandardContextValve.invoke(StandardContextValve.java:96)
	at org.apache.catalina.authenticator.AuthenticatorBase.invoke(AuthenticatorBase.java:474)
	at org.apache.catalina.core.StandardHostValve.invoke(StandardHostValve.java:140)
	at org.apache.catalina.valves.ErrorReportValve.invoke(ErrorReportValve.java:79)
	at org.apache.catalina.core.StandardEngineValve.invoke(StandardEngineValve.java:87)
	at org.apache.catalina.connector.CoyoteAdapter.service(CoyoteAdapter.java:349)
	at org.apache.coyote.http11.Http11Processor.service(Http11Processor.java:783)
	at org.apache.coyote.AbstractProcessorLight.process(AbstractProcessorLight.java:66)
	at org.apache.coyote.AbstractProtocol$ConnectionHandler.process(AbstractProtocol.java:798)
	at org.apache.tomcat.util.net.NioEndpoint$SocketProcessor.doRun(NioEndpoint.java:1434)
	at org.apache.tomcat.util.net.SocketProcessorBase.run(SocketProcessorBase.java:49)
	at java.util.concurrent.ThreadPoolExecutor.runWorker(ThreadPoolExecutor.java:1149)
	at java.util.concurrent.ThreadPoolExecutor$Worker.run(ThreadPoolExecutor.java:624)
	at org.apache.tomcat.util.threads.TaskThread$WrappingRunnable.run(TaskThread.java:61)
	at java.lang.Thread.run(Thread.java:748)
2019-06-21 12:33:43.380 [http-nio-80-exec-2] DEBUG org.hibernate.SQL - select user0_.id as id1_5_, user0_.address as address2_5_, user0_.birthday as birthday3_5_, user0_.create_time as create_t4_5_, user0_.delete_status as delete_s5_5_, user0_.description as descript6_5_, user0_.email as email7_5_, user0_.locked as locked8_5_, user0_.nick_name as nick_nam9_5_, user0_.password as passwor10_5_, user0_.sex as sex11_5_, user0_.telephone as telepho12_5_, user0_.update_time as update_13_5_, user0_.user_name as user_na14_5_ from tb_user user0_ where user0_.user_name=?
2019-06-21 12:33:43.382 [http-nio-80-exec-2] DEBUG org.hibernate.SQL - select roles0_.user_id as user_id1_6_0_, roles0_.role_id as role_id2_6_0_, role1_.id as id1_3_1_, role1_.create_time as create_t2_3_1_, role1_.description as descript3_3_1_, role1_.name as name4_3_1_, role1_.role_key as role_key5_3_1_, role1_.status as status6_3_1_, role1_.update_time as update_t7_3_1_ from tb_user_role roles0_ inner join tb_role role1_ on roles0_.role_id=role1_.id where roles0_.user_id=?
2019-06-21 12:33:43.384 [http-nio-80-exec-2] DEBUG org.hibernate.SQL - select resources0_.role_id as role_id1_4_0_, resources0_.resource_id as resource2_4_0_, resource1_.id as id1_0_1_, resource1_.create_time as create_t2_0_1_, resource1_.description as descript3_0_1_, resource1_.is_hide as is_hide4_0_1_, resource1_.name as name5_0_1_, resource1_.num as num6_0_1_, resource1_.price as price7_0_1_, resource1_.source_key as source_k8_0_1_, resource1_.type as type9_0_1_, resource1_.update_time as update_10_0_1_ from tb_role_resource resources0_ inner join tb_resource resource1_ on resources0_.resource_id=resource1_.id where resources0_.role_id=?
2019-06-21 12:33:43.389 [http-nio-80-exec-2] DEBUG org.hibernate.SQL - select user0_.id as id1_5_, user0_.address as address2_5_, user0_.birthday as birthday3_5_, user0_.create_time as create_t4_5_, user0_.delete_status as delete_s5_5_, user0_.description as descript6_5_, user0_.email as email7_5_, user0_.locked as locked8_5_, user0_.nick_name as nick_nam9_5_, user0_.password as passwor10_5_, user0_.sex as sex11_5_, user0_.telephone as telepho12_5_, user0_.update_time as update_13_5_, user0_.user_name as user_na14_5_ from tb_user user0_ where user0_.user_name=?
2019-06-21 12:33:43.393 [http-nio-80-exec-2] DEBUG org.hibernate.SQL - select user0_.id as id1_5_, user0_.address as address2_5_, user0_.birthday as birthday3_5_, user0_.create_time as create_t4_5_, user0_.delete_status as delete_s5_5_, user0_.description as descript6_5_, user0_.email as email7_5_, user0_.locked as locked8_5_, user0_.nick_name as nick_nam9_5_, user0_.password as passwor10_5_, user0_.sex as sex11_5_, user0_.telephone as telepho12_5_, user0_.update_time as update_13_5_, user0_.user_name as user_na14_5_ from tb_user user0_ where user0_.user_name=?
2019-06-21 12:33:43.608 [http-nio-80-exec-6] DEBUG org.hibernate.SQL - select addedinput0_.id as id1_2_, addedinput0_.create_time as create_t2_2_, addedinput0_.description as descript3_2_, addedinput0_.is_hide as is_hide4_2_, addedinput0_.name as name5_2_, addedinput0_.num as num6_2_, addedinput0_.price as price7_2_, addedinput0_.source_key as source_k8_2_, addedinput0_.type as type9_2_, addedinput0_.update_time as update_10_2_ from tb_resource_input addedinput0_ where addedinput0_.name like ? limit ?
2019-06-21 12:33:43.632 [http-nio-80-exec-6] DEBUG org.hibernate.SQL - select count(addedinput0_.id) as col_0_0_ from tb_resource_input addedinput0_ where addedinput0_.name like ?
2019-06-21 12:33:46.581 [http-nio-80-exec-4] DEBUG org.hibernate.SQL - select user0_.id as id1_5_, user0_.address as address2_5_, user0_.birthday as birthday3_5_, user0_.create_time as create_t4_5_, user0_.delete_status as delete_s5_5_, user0_.description as descript6_5_, user0_.email as email7_5_, user0_.locked as locked8_5_, user0_.nick_name as nick_nam9_5_, user0_.password as passwor10_5_, user0_.sex as sex11_5_, user0_.telephone as telepho12_5_, user0_.update_time as update_13_5_, user0_.user_name as user_na14_5_ from tb_user user0_ where user0_.user_name=?
2019-06-21 12:33:46.583 [http-nio-80-exec-4] DEBUG org.hibernate.SQL - select roles0_.user_id as user_id1_6_0_, roles0_.role_id as role_id2_6_0_, role1_.id as id1_3_1_, role1_.create_time as create_t2_3_1_, role1_.description as descript3_3_1_, role1_.name as name4_3_1_, role1_.role_key as role_key5_3_1_, role1_.status as status6_3_1_, role1_.update_time as update_t7_3_1_ from tb_user_role roles0_ inner join tb_role role1_ on roles0_.role_id=role1_.id where roles0_.user_id=?
2019-06-21 12:33:46.585 [http-nio-80-exec-4] DEBUG org.hibernate.SQL - select resources0_.role_id as role_id1_4_0_, resources0_.resource_id as resource2_4_0_, resource1_.id as id1_0_1_, resource1_.create_time as create_t2_0_1_, resource1_.description as descript3_0_1_, resource1_.is_hide as is_hide4_0_1_, resource1_.name as name5_0_1_, resource1_.num as num6_0_1_, resource1_.price as price7_0_1_, resource1_.source_key as source_k8_0_1_, resource1_.type as type9_0_1_, resource1_.update_time as update_10_0_1_ from tb_role_resource resources0_ inner join tb_resource resource1_ on resources0_.resource_id=resource1_.id where resources0_.role_id=?
2019-06-21 12:33:46.589 [http-nio-80-exec-4] DEBUG org.hibernate.SQL - select user0_.id as id1_5_, user0_.address as address2_5_, user0_.birthday as birthday3_5_, user0_.create_time as create_t4_5_, user0_.delete_status as delete_s5_5_, user0_.description as descript6_5_, user0_.email as email7_5_, user0_.locked as locked8_5_, user0_.nick_name as nick_nam9_5_, user0_.password as passwor10_5_, user0_.sex as sex11_5_, user0_.telephone as telepho12_5_, user0_.update_time as update_13_5_, user0_.user_name as user_na14_5_ from tb_user user0_ where user0_.user_name=?
2019-06-21 12:33:46.593 [http-nio-80-exec-4] DEBUG org.hibernate.SQL - select user0_.id as id1_5_, user0_.address as address2_5_, user0_.birthday as birthday3_5_, user0_.create_time as create_t4_5_, user0_.delete_status as delete_s5_5_, user0_.description as descript6_5_, user0_.email as email7_5_, user0_.locked as locked8_5_, user0_.nick_name as nick_nam9_5_, user0_.password as passwor10_5_, user0_.sex as sex11_5_, user0_.telephone as telepho12_5_, user0_.update_time as update_13_5_, user0_.user_name as user_na14_5_ from tb_user user0_ where user0_.user_name=?
2019-06-21 12:33:46.731 [http-nio-80-exec-10] DEBUG org.hibernate.SQL - select addedresou0_.id as id1_1_, addedresou0_.create_time as create_t2_1_, addedresou0_.description as descript3_1_, addedresou0_.is_hide as is_hide4_1_, addedresou0_.name as name5_1_, addedresou0_.num as num6_1_, addedresou0_.price as price7_1_, addedresou0_.source_key as source_k8_1_, addedresou0_.type as type9_1_, addedresou0_.update_time as update_10_1_ from tb_resource_add addedresou0_ where addedresou0_.name like ? limit ?
2019-06-21 12:33:46.740 [http-nio-80-exec-10] DEBUG org.hibernate.SQL - select count(addedresou0_.id) as col_0_0_ from tb_resource_add addedresou0_ where addedresou0_.name like ?
2019-06-21 12:33:51.324 [http-nio-80-exec-6] DEBUG org.hibernate.SQL - select user0_.id as id1_5_, user0_.address as address2_5_, user0_.birthday as birthday3_5_, user0_.create_time as create_t4_5_, user0_.delete_status as delete_s5_5_, user0_.description as descript6_5_, user0_.email as email7_5_, user0_.locked as locked8_5_, user0_.nick_name as nick_nam9_5_, user0_.password as passwor10_5_, user0_.sex as sex11_5_, user0_.telephone as telepho12_5_, user0_.update_time as update_13_5_, user0_.user_name as user_na14_5_ from tb_user user0_ where user0_.user_name=?
2019-06-21 12:33:51.327 [http-nio-80-exec-6] DEBUG org.hibernate.SQL - select roles0_.user_id as user_id1_6_0_, roles0_.role_id as role_id2_6_0_, role1_.id as id1_3_1_, role1_.create_time as create_t2_3_1_, role1_.description as descript3_3_1_, role1_.name as name4_3_1_, role1_.role_key as role_key5_3_1_, role1_.status as status6_3_1_, role1_.update_time as update_t7_3_1_ from tb_user_role roles0_ inner join tb_role role1_ on roles0_.role_id=role1_.id where roles0_.user_id=?
2019-06-21 12:33:51.328 [http-nio-80-exec-6] DEBUG org.hibernate.SQL - select resources0_.role_id as role_id1_4_0_, resources0_.resource_id as resource2_4_0_, resource1_.id as id1_0_1_, resource1_.create_time as create_t2_0_1_, resource1_.description as descript3_0_1_, resource1_.is_hide as is_hide4_0_1_, resource1_.name as name5_0_1_, resource1_.num as num6_0_1_, resource1_.price as price7_0_1_, resource1_.source_key as source_k8_0_1_, resource1_.type as type9_0_1_, resource1_.update_time as update_10_0_1_ from tb_role_resource resources0_ inner join tb_resource resource1_ on resources0_.resource_id=resource1_.id where resources0_.role_id=?
2019-06-21 12:33:51.332 [http-nio-80-exec-6] DEBUG org.hibernate.SQL - select user0_.id as id1_5_, user0_.address as address2_5_, user0_.birthday as birthday3_5_, user0_.create_time as create_t4_5_, user0_.delete_status as delete_s5_5_, user0_.description as descript6_5_, user0_.email as email7_5_, user0_.locked as locked8_5_, user0_.nick_name as nick_nam9_5_, user0_.password as passwor10_5_, user0_.sex as sex11_5_, user0_.telephone as telepho12_5_, user0_.update_time as update_13_5_, user0_.user_name as user_na14_5_ from tb_user user0_ where user0_.user_name=?
2019-06-21 12:33:51.335 [http-nio-80-exec-6] DEBUG org.hibernate.SQL - select user0_.id as id1_5_, user0_.address as address2_5_, user0_.birthday as birthday3_5_, user0_.create_time as create_t4_5_, user0_.delete_status as delete_s5_5_, user0_.description as descript6_5_, user0_.email as email7_5_, user0_.locked as locked8_5_, user0_.nick_name as nick_nam9_5_, user0_.password as passwor10_5_, user0_.sex as sex11_5_, user0_.telephone as telepho12_5_, user0_.update_time as update_13_5_, user0_.user_name as user_na14_5_ from tb_user user0_ where user0_.user_name=?
2019-06-21 12:33:51.495 [http-nio-80-exec-4] DEBUG org.hibernate.SQL - select addedinput0_.id as id1_2_, addedinput0_.create_time as create_t2_2_, addedinput0_.description as descript3_2_, addedinput0_.is_hide as is_hide4_2_, addedinput0_.name as name5_2_, addedinput0_.num as num6_2_, addedinput0_.price as price7_2_, addedinput0_.source_key as source_k8_2_, addedinput0_.type as type9_2_, addedinput0_.update_time as update_10_2_ from tb_resource_input addedinput0_ where addedinput0_.name like ? limit ?
2019-06-21 12:33:51.500 [http-nio-80-exec-4] DEBUG org.hibernate.SQL - select count(addedinput0_.id) as col_0_0_ from tb_resource_input addedinput0_ where addedinput0_.name like ?
2019-06-21 12:33:53.064 [http-nio-80-exec-1] DEBUG org.hibernate.SQL - select addedinput0_.id as id1_2_, addedinput0_.create_time as create_t2_2_, addedinput0_.description as descript3_2_, addedinput0_.is_hide as is_hide4_2_, addedinput0_.name as name5_2_, addedinput0_.num as num6_2_, addedinput0_.price as price7_2_, addedinput0_.source_key as source_k8_2_, addedinput0_.type as type9_2_, addedinput0_.update_time as update_10_2_ from tb_resource_input addedinput0_
2019-06-21 12:34:07.093 [http-nio-80-exec-5] DEBUG org.hibernate.SQL - select resource0_.id as id1_0_, resource0_.create_time as create_t2_0_, resource0_.description as descript3_0_, resource0_.is_hide as is_hide4_0_, resource0_.name as name5_0_, resource0_.num as num6_0_, resource0_.price as price7_0_, resource0_.source_key as source_k8_0_, resource0_.type as type9_0_, resource0_.update_time as update_10_0_ from tb_resource resource0_ where resource0_.name=?
2019-06-21 12:34:07.119 [http-nio-80-exec-5] DEBUG org.hibernate.SQL - update tb_resource set create_time=?, description=?, is_hide=?, name=?, num=?, price=?, source_key=?, type=?, update_time=? where id=?
2019-06-21 12:34:07.134 [http-nio-80-exec-5] DEBUG org.hibernate.SQL - insert into tb_resource_input (create_time, description, is_hide, name, num, price, source_key, type, update_time) values (?, ?, ?, ?, ?, ?, ?, ?, ?)
2019-06-21 12:34:09.169 [http-nio-80-exec-10] DEBUG org.hibernate.SQL - select addedinput0_.id as id1_2_, addedinput0_.create_time as create_t2_2_, addedinput0_.description as descript3_2_, addedinput0_.is_hide as is_hide4_2_, addedinput0_.name as name5_2_, addedinput0_.num as num6_2_, addedinput0_.price as price7_2_, addedinput0_.source_key as source_k8_2_, addedinput0_.type as type9_2_, addedinput0_.update_time as update_10_2_ from tb_resource_input addedinput0_ where addedinput0_.name like ? limit ?
2019-06-21 12:34:09.171 [http-nio-80-exec-10] DEBUG org.hibernate.SQL - select count(addedinput0_.id) as col_0_0_ from tb_resource_input addedinput0_ where addedinput0_.name like ?
2019-06-21 12:34:09.401 [http-nio-80-exec-2] DEBUG org.hibernate.SQL - select user0_.id as id1_5_, user0_.address as address2_5_, user0_.birthday as birthday3_5_, user0_.create_time as create_t4_5_, user0_.delete_status as delete_s5_5_, user0_.description as descript6_5_, user0_.email as email7_5_, user0_.locked as locked8_5_, user0_.nick_name as nick_nam9_5_, user0_.password as passwor10_5_, user0_.sex as sex11_5_, user0_.telephone as telepho12_5_, user0_.update_time as update_13_5_, user0_.user_name as user_na14_5_ from tb_user user0_ where user0_.user_name=?
2019-06-21 12:34:09.403 [http-nio-80-exec-2] DEBUG org.hibernate.SQL - select roles0_.user_id as user_id1_6_0_, roles0_.role_id as role_id2_6_0_, role1_.id as id1_3_1_, role1_.create_time as create_t2_3_1_, role1_.description as descript3_3_1_, role1_.name as name4_3_1_, role1_.role_key as role_key5_3_1_, role1_.status as status6_3_1_, role1_.update_time as update_t7_3_1_ from tb_user_role roles0_ inner join tb_role role1_ on roles0_.role_id=role1_.id where roles0_.user_id=?
2019-06-21 12:34:09.404 [http-nio-80-exec-2] DEBUG org.hibernate.SQL - select resources0_.role_id as role_id1_4_0_, resources0_.resource_id as resource2_4_0_, resource1_.id as id1_0_1_, resource1_.create_time as create_t2_0_1_, resource1_.description as descript3_0_1_, resource1_.is_hide as is_hide4_0_1_, resource1_.name as name5_0_1_, resource1_.num as num6_0_1_, resource1_.price as price7_0_1_, resource1_.source_key as source_k8_0_1_, resource1_.type as type9_0_1_, resource1_.update_time as update_10_0_1_ from tb_role_resource resources0_ inner join tb_resource resource1_ on resources0_.resource_id=resource1_.id where resources0_.role_id=?
2019-06-21 12:34:09.410 [http-nio-80-exec-2] DEBUG org.hibernate.SQL - select user0_.id as id1_5_, user0_.address as address2_5_, user0_.birthday as birthday3_5_, user0_.create_time as create_t4_5_, user0_.delete_status as delete_s5_5_, user0_.description as descript6_5_, user0_.email as email7_5_, user0_.locked as locked8_5_, user0_.nick_name as nick_nam9_5_, user0_.password as passwor10_5_, user0_.sex as sex11_5_, user0_.telephone as telepho12_5_, user0_.update_time as update_13_5_, user0_.user_name as user_na14_5_ from tb_user user0_ where user0_.user_name=?
2019-06-21 12:34:09.414 [http-nio-80-exec-2] DEBUG org.hibernate.SQL - select user0_.id as id1_5_, user0_.address as address2_5_, user0_.birthday as birthday3_5_, user0_.create_time as create_t4_5_, user0_.delete_status as delete_s5_5_, user0_.description as descript6_5_, user0_.email as email7_5_, user0_.locked as locked8_5_, user0_.nick_name as nick_nam9_5_, user0_.password as passwor10_5_, user0_.sex as sex11_5_, user0_.telephone as telepho12_5_, user0_.update_time as update_13_5_, user0_.user_name as user_na14_5_ from tb_user user0_ where user0_.user_name=?
2019-06-21 12:34:09.539 [http-nio-80-exec-5] DEBUG org.hibernate.SQL - select resource0_.id as id1_0_, resource0_.create_time as create_t2_0_, resource0_.description as descript3_0_, resource0_.is_hide as is_hide4_0_, resource0_.name as name5_0_, resource0_.num as num6_0_, resource0_.price as price7_0_, resource0_.source_key as source_k8_0_, resource0_.type as type9_0_, resource0_.update_time as update_10_0_ from tb_resource resource0_ where resource0_.name like ? limit ?
2019-06-21 12:34:09.547 [http-nio-80-exec-5] DEBUG org.hibernate.SQL - select count(resource0_.id) as col_0_0_ from tb_resource resource0_ where resource0_.name like ?
2019-06-21 12:34:12.544 [http-nio-80-exec-10] DEBUG org.hibernate.SQL - select resource0_.id as id1_0_, resource0_.create_time as create_t2_0_, resource0_.description as descript3_0_, resource0_.is_hide as is_hide4_0_, resource0_.name as name5_0_, resource0_.num as num6_0_, resource0_.price as price7_0_, resource0_.source_key as source_k8_0_, resource0_.type as type9_0_, resource0_.update_time as update_10_0_ from tb_resource resource0_ where resource0_.name like ? limit ?, ?
2019-06-21 12:34:19.931 [http-nio-80-exec-6] DEBUG org.hibernate.SQL - DELETE FROM tb_role_resource WHERE resource_id = ?
2019-06-21 12:34:19.935 [http-nio-80-exec-6] DEBUG org.hibernate.SQL - select resource0_.id as id1_0_0_, resource0_.create_time as create_t2_0_0_, resource0_.description as descript3_0_0_, resource0_.is_hide as is_hide4_0_0_, resource0_.name as name5_0_0_, resource0_.num as num6_0_0_, resource0_.price as price7_0_0_, resource0_.source_key as source_k8_0_0_, resource0_.type as type9_0_0_, resource0_.update_time as update_10_0_0_ from tb_resource resource0_ where resource0_.id=?
2019-06-21 12:34:19.938 [http-nio-80-exec-6] DEBUG org.hibernate.SQL - delete from tb_resource where id=?
2019-06-21 12:34:21.763 [http-nio-80-exec-8] DEBUG org.hibernate.SQL - select resource0_.id as id1_0_, resource0_.create_time as create_t2_0_, resource0_.description as descript3_0_, resource0_.is_hide as is_hide4_0_, resource0_.name as name5_0_, resource0_.num as num6_0_, resource0_.price as price7_0_, resource0_.source_key as source_k8_0_, resource0_.type as type9_0_, resource0_.update_time as update_10_0_ from tb_resource resource0_ where resource0_.name like ? limit ?, ?
2019-06-21 12:34:22.684 [http-nio-80-exec-3] DEBUG org.hibernate.SQL - DELETE FROM tb_role_resource WHERE resource_id = ?
2019-06-21 12:34:22.685 [http-nio-80-exec-3] DEBUG org.hibernate.SQL - select resource0_.id as id1_0_0_, resource0_.create_time as create_t2_0_0_, resource0_.description as descript3_0_0_, resource0_.is_hide as is_hide4_0_0_, resource0_.name as name5_0_0_, resource0_.num as num6_0_0_, resource0_.price as price7_0_0_, resource0_.source_key as source_k8_0_0_, resource0_.type as type9_0_0_, resource0_.update_time as update_10_0_0_ from tb_resource resource0_ where resource0_.id=?
2019-06-21 12:34:22.687 [http-nio-80-exec-3] DEBUG org.hibernate.SQL - delete from tb_resource where id=?
2019-06-21 12:34:23.828 [http-nio-80-exec-4] DEBUG org.hibernate.SQL - select resource0_.id as id1_0_, resource0_.create_time as create_t2_0_, resource0_.description as descript3_0_, resource0_.is_hide as is_hide4_0_, resource0_.name as name5_0_, resource0_.num as num6_0_, resource0_.price as price7_0_, resource0_.source_key as source_k8_0_, resource0_.type as type9_0_, resource0_.update_time as update_10_0_ from tb_resource resource0_ where resource0_.name like ? limit ?, ?
2019-06-21 12:34:24.572 [http-nio-80-exec-7] DEBUG org.hibernate.SQL - DELETE FROM tb_role_resource WHERE resource_id = ?
2019-06-21 12:34:24.574 [http-nio-80-exec-7] DEBUG org.hibernate.SQL - select resource0_.id as id1_0_0_, resource0_.create_time as create_t2_0_0_, resource0_.description as descript3_0_0_, resource0_.is_hide as is_hide4_0_0_, resource0_.name as name5_0_0_, resource0_.num as num6_0_0_, resource0_.price as price7_0_0_, resource0_.source_key as source_k8_0_0_, resource0_.type as type9_0_0_, resource0_.update_time as update_10_0_0_ from tb_resource resource0_ where resource0_.id=?
2019-06-21 12:34:25.715 [http-nio-80-exec-9] DEBUG org.hibernate.SQL - select resource0_.id as id1_0_, resource0_.create_time as create_t2_0_, resource0_.description as descript3_0_, resource0_.is_hide as is_hide4_0_, resource0_.name as name5_0_, resource0_.num as num6_0_, resource0_.price as price7_0_, resource0_.source_key as source_k8_0_, resource0_.type as type9_0_, resource0_.update_time as update_10_0_ from tb_resource resource0_ where resource0_.name like ? limit ?, ?
2019-06-21 12:34:26.692 [http-nio-80-exec-5] DEBUG org.hibernate.SQL - DELETE FROM tb_role_resource WHERE resource_id = ?
2019-06-21 12:34:26.693 [http-nio-80-exec-5] DEBUG org.hibernate.SQL - select resource0_.id as id1_0_0_, resource0_.create_time as create_t2_0_0_, resource0_.description as descript3_0_0_, resource0_.is_hide as is_hide4_0_0_, resource0_.name as name5_0_0_, resource0_.num as num6_0_0_, resource0_.price as price7_0_0_, resource0_.source_key as source_k8_0_0_, resource0_.type as type9_0_0_, resource0_.update_time as update_10_0_0_ from tb_resource resource0_ where resource0_.id=?
2019-06-21 12:34:26.695 [http-nio-80-exec-5] DEBUG org.hibernate.SQL - delete from tb_resource where id=?
2019-06-21 12:34:28.720 [http-nio-80-exec-1] DEBUG org.hibernate.SQL - select resource0_.id as id1_0_, resource0_.create_time as create_t2_0_, resource0_.description as descript3_0_, resource0_.is_hide as is_hide4_0_, resource0_.name as name5_0_, resource0_.num as num6_0_, resource0_.price as price7_0_, resource0_.source_key as source_k8_0_, resource0_.type as type9_0_, resource0_.update_time as update_10_0_ from tb_resource resource0_ where resource0_.name like ? limit ?, ?
2019-06-21 12:34:32.375 [http-nio-80-exec-10] DEBUG org.hibernate.SQL - select user0_.id as id1_5_, user0_.address as address2_5_, user0_.birthday as birthday3_5_, user0_.create_time as create_t4_5_, user0_.delete_status as delete_s5_5_, user0_.description as descript6_5_, user0_.email as email7_5_, user0_.locked as locked8_5_, user0_.nick_name as nick_nam9_5_, user0_.password as passwor10_5_, user0_.sex as sex11_5_, user0_.telephone as telepho12_5_, user0_.update_time as update_13_5_, user0_.user_name as user_na14_5_ from tb_user user0_ where user0_.user_name=?
2019-06-21 12:34:32.376 [http-nio-80-exec-10] DEBUG org.hibernate.SQL - select roles0_.user_id as user_id1_6_0_, roles0_.role_id as role_id2_6_0_, role1_.id as id1_3_1_, role1_.create_time as create_t2_3_1_, role1_.description as descript3_3_1_, role1_.name as name4_3_1_, role1_.role_key as role_key5_3_1_, role1_.status as status6_3_1_, role1_.update_time as update_t7_3_1_ from tb_user_role roles0_ inner join tb_role role1_ on roles0_.role_id=role1_.id where roles0_.user_id=?
2019-06-21 12:34:32.378 [http-nio-80-exec-10] DEBUG org.hibernate.SQL - select resources0_.role_id as role_id1_4_0_, resources0_.resource_id as resource2_4_0_, resource1_.id as id1_0_1_, resource1_.create_time as create_t2_0_1_, resource1_.description as descript3_0_1_, resource1_.is_hide as is_hide4_0_1_, resource1_.name as name5_0_1_, resource1_.num as num6_0_1_, resource1_.price as price7_0_1_, resource1_.source_key as source_k8_0_1_, resource1_.type as type9_0_1_, resource1_.update_time as update_10_0_1_ from tb_role_resource resources0_ inner join tb_resource resource1_ on resources0_.resource_id=resource1_.id where resources0_.role_id=?
2019-06-21 12:34:32.381 [http-nio-80-exec-10] DEBUG org.hibernate.SQL - select user0_.id as id1_5_, user0_.address as address2_5_, user0_.birthday as birthday3_5_, user0_.create_time as create_t4_5_, user0_.delete_status as delete_s5_5_, user0_.description as descript6_5_, user0_.email as email7_5_, user0_.locked as locked8_5_, user0_.nick_name as nick_nam9_5_, user0_.password as passwor10_5_, user0_.sex as sex11_5_, user0_.telephone as telepho12_5_, user0_.update_time as update_13_5_, user0_.user_name as user_na14_5_ from tb_user user0_ where user0_.user_name=?
2019-06-21 12:34:32.384 [http-nio-80-exec-10] DEBUG org.hibernate.SQL - select user0_.id as id1_5_, user0_.address as address2_5_, user0_.birthday as birthday3_5_, user0_.create_time as create_t4_5_, user0_.delete_status as delete_s5_5_, user0_.description as descript6_5_, user0_.email as email7_5_, user0_.locked as locked8_5_, user0_.nick_name as nick_nam9_5_, user0_.password as passwor10_5_, user0_.sex as sex11_5_, user0_.telephone as telepho12_5_, user0_.update_time as update_13_5_, user0_.user_name as user_na14_5_ from tb_user user0_ where user0_.user_name=?
2019-06-21 12:34:32.512 [http-nio-80-exec-9] DEBUG org.hibernate.SQL - select addedresou0_.id as id1_1_, addedresou0_.create_time as create_t2_1_, addedresou0_.description as descript3_1_, addedresou0_.is_hide as is_hide4_1_, addedresou0_.name as name5_1_, addedresou0_.num as num6_1_, addedresou0_.price as price7_1_, addedresou0_.source_key as source_k8_1_, addedresou0_.type as type9_1_, addedresou0_.update_time as update_10_1_ from tb_resource_add addedresou0_ where addedresou0_.name like ? limit ?
2019-06-21 12:34:32.517 [http-nio-80-exec-9] DEBUG org.hibernate.SQL - select count(addedresou0_.id) as col_0_0_ from tb_resource_add addedresou0_ where addedresou0_.name like ?
2019-06-21 12:34:34.957 [http-nio-80-exec-6] DEBUG org.hibernate.SQL - select addedresou0_.id as id1_1_, addedresou0_.create_time as create_t2_1_, addedresou0_.description as descript3_1_, addedresou0_.is_hide as is_hide4_1_, addedresou0_.name as name5_1_, addedresou0_.num as num6_1_, addedresou0_.price as price7_1_, addedresou0_.source_key as source_k8_1_, addedresou0_.type as type9_1_, addedresou0_.update_time as update_10_1_ from tb_resource_add addedresou0_
2019-06-21 12:34:48.371 [http-nio-80-exec-9] DEBUG org.hibernate.SQL - select resource0_.id as id1_0_, resource0_.create_time as create_t2_0_, resource0_.description as descript3_0_, resource0_.is_hide as is_hide4_0_, resource0_.name as name5_0_, resource0_.num as num6_0_, resource0_.price as price7_0_, resource0_.source_key as source_k8_0_, resource0_.type as type9_0_, resource0_.update_time as update_10_0_ from tb_resource resource0_ where resource0_.name=?
2019-06-21 12:34:48.374 [http-nio-80-exec-9] DEBUG org.hibernate.SQL - update tb_resource set create_time=?, description=?, is_hide=?, name=?, num=?, price=?, source_key=?, type=?, update_time=? where id=?
2019-06-21 12:34:48.377 [http-nio-80-exec-9] DEBUG org.hibernate.SQL - insert into tb_resource_add (create_time, description, is_hide, name, num, price, source_key, type, update_time) values (?, ?, ?, ?, ?, ?, ?, ?, ?)
2019-06-21 12:34:50.393 [http-nio-80-exec-4] DEBUG org.hibernate.SQL - select addedresou0_.id as id1_1_, addedresou0_.create_time as create_t2_1_, addedresou0_.description as descript3_1_, addedresou0_.is_hide as is_hide4_1_, addedresou0_.name as name5_1_, addedresou0_.num as num6_1_, addedresou0_.price as price7_1_, addedresou0_.source_key as source_k8_1_, addedresou0_.type as type9_1_, addedresou0_.update_time as update_10_1_ from tb_resource_add addedresou0_ where addedresou0_.name like ? limit ?
2019-06-21 12:34:50.395 [http-nio-80-exec-4] DEBUG org.hibernate.SQL - select count(addedresou0_.id) as col_0_0_ from tb_resource_add addedresou0_ where addedresou0_.name like ?
2019-06-21 12:34:53.036 [http-nio-80-exec-7] DEBUG org.hibernate.SQL - select addedresou0_.id as id1_1_, addedresou0_.create_time as create_t2_1_, addedresou0_.description as descript3_1_, addedresou0_.is_hide as is_hide4_1_, addedresou0_.name as name5_1_, addedresou0_.num as num6_1_, addedresou0_.price as price7_1_, addedresou0_.source_key as source_k8_1_, addedresou0_.type as type9_1_, addedresou0_.update_time as update_10_1_ from tb_resource_add addedresou0_ where addedresou0_.name like ? limit ?, ?
2019-06-21 12:34:55.590 [http-nio-80-exec-5] DEBUG org.hibernate.SQL - select user0_.id as id1_5_, user0_.address as address2_5_, user0_.birthday as birthday3_5_, user0_.create_time as create_t4_5_, user0_.delete_status as delete_s5_5_, user0_.description as descript6_5_, user0_.email as email7_5_, user0_.locked as locked8_5_, user0_.nick_name as nick_nam9_5_, user0_.password as passwor10_5_, user0_.sex as sex11_5_, user0_.telephone as telepho12_5_, user0_.update_time as update_13_5_, user0_.user_name as user_na14_5_ from tb_user user0_ where user0_.user_name=?
2019-06-21 12:34:55.592 [http-nio-80-exec-5] DEBUG org.hibernate.SQL - select roles0_.user_id as user_id1_6_0_, roles0_.role_id as role_id2_6_0_, role1_.id as id1_3_1_, role1_.create_time as create_t2_3_1_, role1_.description as descript3_3_1_, role1_.name as name4_3_1_, role1_.role_key as role_key5_3_1_, role1_.status as status6_3_1_, role1_.update_time as update_t7_3_1_ from tb_user_role roles0_ inner join tb_role role1_ on roles0_.role_id=role1_.id where roles0_.user_id=?
2019-06-21 12:34:55.593 [http-nio-80-exec-5] DEBUG org.hibernate.SQL - select resources0_.role_id as role_id1_4_0_, resources0_.resource_id as resource2_4_0_, resource1_.id as id1_0_1_, resource1_.create_time as create_t2_0_1_, resource1_.description as descript3_0_1_, resource1_.is_hide as is_hide4_0_1_, resource1_.name as name5_0_1_, resource1_.num as num6_0_1_, resource1_.price as price7_0_1_, resource1_.source_key as source_k8_0_1_, resource1_.type as type9_0_1_, resource1_.update_time as update_10_0_1_ from tb_role_resource resources0_ inner join tb_resource resource1_ on resources0_.resource_id=resource1_.id where resources0_.role_id=?
2019-06-21 12:34:55.597 [http-nio-80-exec-5] DEBUG org.hibernate.SQL - select user0_.id as id1_5_, user0_.address as address2_5_, user0_.birthday as birthday3_5_, user0_.create_time as create_t4_5_, user0_.delete_status as delete_s5_5_, user0_.description as descript6_5_, user0_.email as email7_5_, user0_.locked as locked8_5_, user0_.nick_name as nick_nam9_5_, user0_.password as passwor10_5_, user0_.sex as sex11_5_, user0_.telephone as telepho12_5_, user0_.update_time as update_13_5_, user0_.user_name as user_na14_5_ from tb_user user0_ where user0_.user_name=?
2019-06-21 12:34:55.601 [http-nio-80-exec-5] DEBUG org.hibernate.SQL - select user0_.id as id1_5_, user0_.address as address2_5_, user0_.birthday as birthday3_5_, user0_.create_time as create_t4_5_, user0_.delete_status as delete_s5_5_, user0_.description as descript6_5_, user0_.email as email7_5_, user0_.locked as locked8_5_, user0_.nick_name as nick_nam9_5_, user0_.password as passwor10_5_, user0_.sex as sex11_5_, user0_.telephone as telepho12_5_, user0_.update_time as update_13_5_, user0_.user_name as user_na14_5_ from tb_user user0_ where user0_.user_name=?
2019-06-21 12:34:55.711 [http-nio-80-exec-9] DEBUG org.hibernate.SQL - select resource0_.id as id1_0_, resource0_.create_time as create_t2_0_, resource0_.description as descript3_0_, resource0_.is_hide as is_hide4_0_, resource0_.name as name5_0_, resource0_.num as num6_0_, resource0_.price as price7_0_, resource0_.source_key as source_k8_0_, resource0_.type as type9_0_, resource0_.update_time as update_10_0_ from tb_resource resource0_ where resource0_.name like ? limit ?
2019-06-21 12:34:55.715 [http-nio-80-exec-9] DEBUG org.hibernate.SQL - select count(resource0_.id) as col_0_0_ from tb_resource resource0_ where resource0_.name like ?
2019-06-21 12:35:00.870 [http-nio-80-exec-4] DEBUG org.hibernate.SQL - select resource0_.id as id1_0_, resource0_.create_time as create_t2_0_, resource0_.description as descript3_0_, resource0_.is_hide as is_hide4_0_, resource0_.name as name5_0_, resource0_.num as num6_0_, resource0_.price as price7_0_, resource0_.source_key as source_k8_0_, resource0_.type as type9_0_, resource0_.update_time as update_10_0_ from tb_resource resource0_ where resource0_.name like ? limit ?, ?
2019-06-21 12:35:03.463 [http-nio-80-exec-1] DEBUG org.hibernate.SQL - select user0_.id as id1_5_, user0_.address as address2_5_, user0_.birthday as birthday3_5_, user0_.create_time as create_t4_5_, user0_.delete_status as delete_s5_5_, user0_.description as descript6_5_, user0_.email as email7_5_, user0_.locked as locked8_5_, user0_.nick_name as nick_nam9_5_, user0_.password as passwor10_5_, user0_.sex as sex11_5_, user0_.telephone as telepho12_5_, user0_.update_time as update_13_5_, user0_.user_name as user_na14_5_ from tb_user user0_ where user0_.user_name=?
2019-06-21 12:35:03.464 [http-nio-80-exec-1] DEBUG org.hibernate.SQL - select roles0_.user_id as user_id1_6_0_, roles0_.role_id as role_id2_6_0_, role1_.id as id1_3_1_, role1_.create_time as create_t2_3_1_, role1_.description as descript3_3_1_, role1_.name as name4_3_1_, role1_.role_key as role_key5_3_1_, role1_.status as status6_3_1_, role1_.update_time as update_t7_3_1_ from tb_user_role roles0_ inner join tb_role role1_ on roles0_.role_id=role1_.id where roles0_.user_id=?
2019-06-21 12:35:03.465 [http-nio-80-exec-1] DEBUG org.hibernate.SQL - select resources0_.role_id as role_id1_4_0_, resources0_.resource_id as resource2_4_0_, resource1_.id as id1_0_1_, resource1_.create_time as create_t2_0_1_, resource1_.description as descript3_0_1_, resource1_.is_hide as is_hide4_0_1_, resource1_.name as name5_0_1_, resource1_.num as num6_0_1_, resource1_.price as price7_0_1_, resource1_.source_key as source_k8_0_1_, resource1_.type as type9_0_1_, resource1_.update_time as update_10_0_1_ from tb_role_resource resources0_ inner join tb_resource resource1_ on resources0_.resource_id=resource1_.id where resources0_.role_id=?
2019-06-21 12:35:03.469 [http-nio-80-exec-1] DEBUG org.hibernate.SQL - select user0_.id as id1_5_, user0_.address as address2_5_, user0_.birthday as birthday3_5_, user0_.create_time as create_t4_5_, user0_.delete_status as delete_s5_5_, user0_.description as descript6_5_, user0_.email as email7_5_, user0_.locked as locked8_5_, user0_.nick_name as nick_nam9_5_, user0_.password as passwor10_5_, user0_.sex as sex11_5_, user0_.telephone as telepho12_5_, user0_.update_time as update_13_5_, user0_.user_name as user_na14_5_ from tb_user user0_ where user0_.user_name=?
2019-06-21 12:35:03.471 [http-nio-80-exec-1] DEBUG org.hibernate.SQL - select user0_.id as id1_5_, user0_.address as address2_5_, user0_.birthday as birthday3_5_, user0_.create_time as create_t4_5_, user0_.delete_status as delete_s5_5_, user0_.description as descript6_5_, user0_.email as email7_5_, user0_.locked as locked8_5_, user0_.nick_name as nick_nam9_5_, user0_.password as passwor10_5_, user0_.sex as sex11_5_, user0_.telephone as telepho12_5_, user0_.update_time as update_13_5_, user0_.user_name as user_na14_5_ from tb_user user0_ where user0_.user_name=?
2019-06-21 12:35:03.595 [http-nio-80-exec-10] DEBUG org.hibernate.SQL - select resource0_.id as id1_0_, resource0_.create_time as create_t2_0_, resource0_.description as descript3_0_, resource0_.is_hide as is_hide4_0_, resource0_.name as name5_0_, resource0_.num as num6_0_, resource0_.price as price7_0_, resource0_.source_key as source_k8_0_, resource0_.type as type9_0_, resource0_.update_time as update_10_0_ from tb_resource resource0_ where resource0_.name like ? limit ?
2019-06-21 12:35:03.598 [http-nio-80-exec-10] DEBUG org.hibernate.SQL - select count(resource0_.id) as col_0_0_ from tb_resource resource0_ where resource0_.name like ?
2019-06-21 12:35:07.548 [http-nio-80-exec-5] DEBUG org.hibernate.SQL - select resource0_.id as id1_0_, resource0_.create_time as create_t2_0_, resource0_.description as descript3_0_, resource0_.is_hide as is_hide4_0_, resource0_.name as name5_0_, resource0_.num as num6_0_, resource0_.price as price7_0_, resource0_.source_key as source_k8_0_, resource0_.type as type9_0_, resource0_.update_time as update_10_0_ from tb_resource resource0_ where resource0_.name like ? limit ?, ?
2019-06-21 12:35:11.380 [http-nio-80-exec-8] DEBUG org.hibernate.SQL - select user0_.id as id1_5_, user0_.address as address2_5_, user0_.birthday as birthday3_5_, user0_.create_time as create_t4_5_, user0_.delete_status as delete_s5_5_, user0_.description as descript6_5_, user0_.email as email7_5_, user0_.locked as locked8_5_, user0_.nick_name as nick_nam9_5_, user0_.password as passwor10_5_, user0_.sex as sex11_5_, user0_.telephone as telepho12_5_, user0_.update_time as update_13_5_, user0_.user_name as user_na14_5_ from tb_user user0_ where user0_.user_name=?
2019-06-21 12:35:11.382 [http-nio-80-exec-8] DEBUG org.hibernate.SQL - select roles0_.user_id as user_id1_6_0_, roles0_.role_id as role_id2_6_0_, role1_.id as id1_3_1_, role1_.create_time as create_t2_3_1_, role1_.description as descript3_3_1_, role1_.name as name4_3_1_, role1_.role_key as role_key5_3_1_, role1_.status as status6_3_1_, role1_.update_time as update_t7_3_1_ from tb_user_role roles0_ inner join tb_role role1_ on roles0_.role_id=role1_.id where roles0_.user_id=?
2019-06-21 12:35:11.383 [http-nio-80-exec-8] DEBUG org.hibernate.SQL - select resources0_.role_id as role_id1_4_0_, resources0_.resource_id as resource2_4_0_, resource1_.id as id1_0_1_, resource1_.create_time as create_t2_0_1_, resource1_.description as descript3_0_1_, resource1_.is_hide as is_hide4_0_1_, resource1_.name as name5_0_1_, resource1_.num as num6_0_1_, resource1_.price as price7_0_1_, resource1_.source_key as source_k8_0_1_, resource1_.type as type9_0_1_, resource1_.update_time as update_10_0_1_ from tb_role_resource resources0_ inner join tb_resource resource1_ on resources0_.resource_id=resource1_.id where resources0_.role_id=?
2019-06-21 12:35:11.388 [http-nio-80-exec-8] DEBUG org.hibernate.SQL - select user0_.id as id1_5_, user0_.address as address2_5_, user0_.birthday as birthday3_5_, user0_.create_time as create_t4_5_, user0_.delete_status as delete_s5_5_, user0_.description as descript6_5_, user0_.email as email7_5_, user0_.locked as locked8_5_, user0_.nick_name as nick_nam9_5_, user0_.password as passwor10_5_, user0_.sex as sex11_5_, user0_.telephone as telepho12_5_, user0_.update_time as update_13_5_, user0_.user_name as user_na14_5_ from tb_user user0_ where user0_.user_name=?
2019-06-21 12:35:11.390 [http-nio-80-exec-8] DEBUG org.hibernate.SQL - select user0_.id as id1_5_, user0_.address as address2_5_, user0_.birthday as birthday3_5_, user0_.create_time as create_t4_5_, user0_.delete_status as delete_s5_5_, user0_.description as descript6_5_, user0_.email as email7_5_, user0_.locked as locked8_5_, user0_.nick_name as nick_nam9_5_, user0_.password as passwor10_5_, user0_.sex as sex11_5_, user0_.telephone as telepho12_5_, user0_.update_time as update_13_5_, user0_.user_name as user_na14_5_ from tb_user user0_ where user0_.user_name=?
2019-06-21 12:35:11.498 [http-nio-80-exec-8] DEBUG org.hibernate.SQL - select addedinput0_.id as id1_2_, addedinput0_.create_time as create_t2_2_, addedinput0_.description as descript3_2_, addedinput0_.is_hide as is_hide4_2_, addedinput0_.name as name5_2_, addedinput0_.num as num6_2_, addedinput0_.price as price7_2_, addedinput0_.source_key as source_k8_2_, addedinput0_.type as type9_2_, addedinput0_.update_time as update_10_2_ from tb_resource_input addedinput0_ where addedinput0_.name like ? limit ?
2019-06-21 12:35:11.501 [http-nio-80-exec-8] DEBUG org.hibernate.SQL - select count(addedinput0_.id) as col_0_0_ from tb_resource_input addedinput0_ where addedinput0_.name like ?
2019-06-21 12:35:12.558 [http-nio-80-exec-5] DEBUG org.hibernate.SQL - select addedinput0_.id as id1_2_, addedinput0_.create_time as create_t2_2_, addedinput0_.description as descript3_2_, addedinput0_.is_hide as is_hide4_2_, addedinput0_.name as name5_2_, addedinput0_.num as num6_2_, addedinput0_.price as price7_2_, addedinput0_.source_key as source_k8_2_, addedinput0_.type as type9_2_, addedinput0_.update_time as update_10_2_ from tb_resource_input addedinput0_
2019-06-21 12:35:24.385 [http-nio-80-exec-2] DEBUG org.hibernate.SQL - select resource0_.id as id1_0_, resource0_.create_time as create_t2_0_, resource0_.description as descript3_0_, resource0_.is_hide as is_hide4_0_, resource0_.name as name5_0_, resource0_.num as num6_0_, resource0_.price as price7_0_, resource0_.source_key as source_k8_0_, resource0_.type as type9_0_, resource0_.update_time as update_10_0_ from tb_resource resource0_ where resource0_.name=?
2019-06-21 12:35:24.387 [http-nio-80-exec-2] DEBUG org.hibernate.SQL - update tb_resource set create_time=?, description=?, is_hide=?, name=?, num=?, price=?, source_key=?, type=?, update_time=? where id=?
2019-06-21 12:35:24.389 [http-nio-80-exec-2] DEBUG org.hibernate.SQL - insert into tb_resource_input (create_time, description, is_hide, name, num, price, source_key, type, update_time) values (?, ?, ?, ?, ?, ?, ?, ?, ?)
2019-06-21 12:35:26.410 [http-nio-80-exec-6] DEBUG org.hibernate.SQL - select addedinput0_.id as id1_2_, addedinput0_.create_time as create_t2_2_, addedinput0_.description as descript3_2_, addedinput0_.is_hide as is_hide4_2_, addedinput0_.name as name5_2_, addedinput0_.num as num6_2_, addedinput0_.price as price7_2_, addedinput0_.source_key as source_k8_2_, addedinput0_.type as type9_2_, addedinput0_.update_time as update_10_2_ from tb_resource_input addedinput0_ where addedinput0_.name like ? limit ?
2019-06-21 12:35:26.413 [http-nio-80-exec-6] DEBUG org.hibernate.SQL - select count(addedinput0_.id) as col_0_0_ from tb_resource_input addedinput0_ where addedinput0_.name like ?
2019-06-21 12:35:28.918 [http-nio-80-exec-10] DEBUG org.hibernate.SQL - select user0_.id as id1_5_, user0_.address as address2_5_, user0_.birthday as birthday3_5_, user0_.create_time as create_t4_5_, user0_.delete_status as delete_s5_5_, user0_.description as descript6_5_, user0_.email as email7_5_, user0_.locked as locked8_5_, user0_.nick_name as nick_nam9_5_, user0_.password as passwor10_5_, user0_.sex as sex11_5_, user0_.telephone as telepho12_5_, user0_.update_time as update_13_5_, user0_.user_name as user_na14_5_ from tb_user user0_ where user0_.user_name=?
2019-06-21 12:35:28.920 [http-nio-80-exec-10] DEBUG org.hibernate.SQL - select roles0_.user_id as user_id1_6_0_, roles0_.role_id as role_id2_6_0_, role1_.id as id1_3_1_, role1_.create_time as create_t2_3_1_, role1_.description as descript3_3_1_, role1_.name as name4_3_1_, role1_.role_key as role_key5_3_1_, role1_.status as status6_3_1_, role1_.update_time as update_t7_3_1_ from tb_user_role roles0_ inner join tb_role role1_ on roles0_.role_id=role1_.id where roles0_.user_id=?
2019-06-21 12:35:28.921 [http-nio-80-exec-10] DEBUG org.hibernate.SQL - select resources0_.role_id as role_id1_4_0_, resources0_.resource_id as resource2_4_0_, resource1_.id as id1_0_1_, resource1_.create_time as create_t2_0_1_, resource1_.description as descript3_0_1_, resource1_.is_hide as is_hide4_0_1_, resource1_.name as name5_0_1_, resource1_.num as num6_0_1_, resource1_.price as price7_0_1_, resource1_.source_key as source_k8_0_1_, resource1_.type as type9_0_1_, resource1_.update_time as update_10_0_1_ from tb_role_resource resources0_ inner join tb_resource resource1_ on resources0_.resource_id=resource1_.id where resources0_.role_id=?
2019-06-21 12:35:28.923 [http-nio-80-exec-10] DEBUG org.hibernate.SQL - select user0_.id as id1_5_, user0_.address as address2_5_, user0_.birthday as birthday3_5_, user0_.create_time as create_t4_5_, user0_.delete_status as delete_s5_5_, user0_.description as descript6_5_, user0_.email as email7_5_, user0_.locked as locked8_5_, user0_.nick_name as nick_nam9_5_, user0_.password as passwor10_5_, user0_.sex as sex11_5_, user0_.telephone as telepho12_5_, user0_.update_time as update_13_5_, user0_.user_name as user_na14_5_ from tb_user user0_ where user0_.user_name=?
2019-06-21 12:35:28.925 [http-nio-80-exec-10] DEBUG org.hibernate.SQL - select user0_.id as id1_5_, user0_.address as address2_5_, user0_.birthday as birthday3_5_, user0_.create_time as create_t4_5_, user0_.delete_status as delete_s5_5_, user0_.description as descript6_5_, user0_.email as email7_5_, user0_.locked as locked8_5_, user0_.nick_name as nick_nam9_5_, user0_.password as passwor10_5_, user0_.sex as sex11_5_, user0_.telephone as telepho12_5_, user0_.update_time as update_13_5_, user0_.user_name as user_na14_5_ from tb_user user0_ where user0_.user_name=?
2019-06-21 12:35:29.049 [http-nio-80-exec-9] DEBUG org.hibernate.SQL - select resource0_.id as id1_0_, resource0_.create_time as create_t2_0_, resource0_.description as descript3_0_, resource0_.is_hide as is_hide4_0_, resource0_.name as name5_0_, resource0_.num as num6_0_, resource0_.price as price7_0_, resource0_.source_key as source_k8_0_, resource0_.type as type9_0_, resource0_.update_time as update_10_0_ from tb_resource resource0_ where resource0_.name like ? limit ?
2019-06-21 12:35:29.054 [http-nio-80-exec-9] DEBUG org.hibernate.SQL - select count(resource0_.id) as col_0_0_ from tb_resource resource0_ where resource0_.name like ?
2019-06-21 12:35:40.685 [http-nio-80-exec-7] DEBUG org.hibernate.SQL - select resource0_.id as id1_0_, resource0_.create_time as create_t2_0_, resource0_.description as descript3_0_, resource0_.is_hide as is_hide4_0_, resource0_.name as name5_0_, resource0_.num as num6_0_, resource0_.price as price7_0_, resource0_.source_key as source_k8_0_, resource0_.type as type9_0_, resource0_.update_time as update_10_0_ from tb_resource resource0_ where resource0_.name like ? limit ?, ?
2019-06-21 12:35:48.288 [http-nio-80-exec-10] DEBUG org.hibernate.SQL - select user0_.id as id1_5_, user0_.address as address2_5_, user0_.birthday as birthday3_5_, user0_.create_time as create_t4_5_, user0_.delete_status as delete_s5_5_, user0_.description as descript6_5_, user0_.email as email7_5_, user0_.locked as locked8_5_, user0_.nick_name as nick_nam9_5_, user0_.password as passwor10_5_, user0_.sex as sex11_5_, user0_.telephone as telepho12_5_, user0_.update_time as update_13_5_, user0_.user_name as user_na14_5_ from tb_user user0_ where user0_.user_name=?
2019-06-21 12:35:48.290 [http-nio-80-exec-10] DEBUG org.hibernate.SQL - select roles0_.user_id as user_id1_6_0_, roles0_.role_id as role_id2_6_0_, role1_.id as id1_3_1_, role1_.create_time as create_t2_3_1_, role1_.description as descript3_3_1_, role1_.name as name4_3_1_, role1_.role_key as role_key5_3_1_, role1_.status as status6_3_1_, role1_.update_time as update_t7_3_1_ from tb_user_role roles0_ inner join tb_role role1_ on roles0_.role_id=role1_.id where roles0_.user_id=?
2019-06-21 12:35:48.292 [http-nio-80-exec-10] DEBUG org.hibernate.SQL - select resources0_.role_id as role_id1_4_0_, resources0_.resource_id as resource2_4_0_, resource1_.id as id1_0_1_, resource1_.create_time as create_t2_0_1_, resource1_.description as descript3_0_1_, resource1_.is_hide as is_hide4_0_1_, resource1_.name as name5_0_1_, resource1_.num as num6_0_1_, resource1_.price as price7_0_1_, resource1_.source_key as source_k8_0_1_, resource1_.type as type9_0_1_, resource1_.update_time as update_10_0_1_ from tb_role_resource resources0_ inner join tb_resource resource1_ on resources0_.resource_id=resource1_.id where resources0_.role_id=?
2019-06-21 12:35:48.295 [http-nio-80-exec-10] DEBUG org.hibernate.SQL - select user0_.id as id1_5_, user0_.address as address2_5_, user0_.birthday as birthday3_5_, user0_.create_time as create_t4_5_, user0_.delete_status as delete_s5_5_, user0_.description as descript6_5_, user0_.email as email7_5_, user0_.locked as locked8_5_, user0_.nick_name as nick_nam9_5_, user0_.password as passwor10_5_, user0_.sex as sex11_5_, user0_.telephone as telepho12_5_, user0_.update_time as update_13_5_, user0_.user_name as user_na14_5_ from tb_user user0_ where user0_.user_name=?
2019-06-21 12:35:48.299 [http-nio-80-exec-10] DEBUG org.hibernate.SQL - select user0_.id as id1_5_, user0_.address as address2_5_, user0_.birthday as birthday3_5_, user0_.create_time as create_t4_5_, user0_.delete_status as delete_s5_5_, user0_.description as descript6_5_, user0_.email as email7_5_, user0_.locked as locked8_5_, user0_.nick_name as nick_nam9_5_, user0_.password as passwor10_5_, user0_.sex as sex11_5_, user0_.telephone as telepho12_5_, user0_.update_time as update_13_5_, user0_.user_name as user_na14_5_ from tb_user user0_ where user0_.user_name=?
2019-06-21 12:35:48.302 [http-nio-80-exec-10] DEBUG org.hibernate.SQL - select user0_.id as id1_5_, user0_.address as address2_5_, user0_.birthday as birthday3_5_, user0_.create_time as create_t4_5_, user0_.delete_status as delete_s5_5_, user0_.description as descript6_5_, user0_.email as email7_5_, user0_.locked as locked8_5_, user0_.nick_name as nick_nam9_5_, user0_.password as passwor10_5_, user0_.sex as sex11_5_, user0_.telephone as telepho12_5_, user0_.update_time as update_13_5_, user0_.user_name as user_na14_5_ from tb_user user0_ where user0_.user_name=?
2019-06-21 12:35:48.488 [http-nio-80-exec-1] DEBUG org.hibernate.SQL - select user0_.id as id1_5_, user0_.address as address2_5_, user0_.birthday as birthday3_5_, user0_.create_time as create_t4_5_, user0_.delete_status as delete_s5_5_, user0_.description as descript6_5_, user0_.email as email7_5_, user0_.locked as locked8_5_, user0_.nick_name as nick_nam9_5_, user0_.password as passwor10_5_, user0_.sex as sex11_5_, user0_.telephone as telepho12_5_, user0_.update_time as update_13_5_, user0_.user_name as user_na14_5_ from tb_user user0_ where user0_.nick_name like ? limit ?
2019-06-21 12:35:48.497 [http-nio-80-exec-1] DEBUG org.hibernate.SQL - select roles0_.user_id as user_id1_6_0_, roles0_.role_id as role_id2_6_0_, role1_.id as id1_3_1_, role1_.create_time as create_t2_3_1_, role1_.description as descript3_3_1_, role1_.name as name4_3_1_, role1_.role_key as role_key5_3_1_, role1_.status as status6_3_1_, role1_.update_time as update_t7_3_1_ from tb_user_role roles0_ inner join tb_role role1_ on roles0_.role_id=role1_.id where roles0_.user_id=?
2019-06-21 12:35:48.502 [http-nio-80-exec-1] DEBUG org.hibernate.SQL - select resources0_.role_id as role_id1_4_0_, resources0_.resource_id as resource2_4_0_, resource1_.id as id1_0_1_, resource1_.create_time as create_t2_0_1_, resource1_.description as descript3_0_1_, resource1_.is_hide as is_hide4_0_1_, resource1_.name as name5_0_1_, resource1_.num as num6_0_1_, resource1_.price as price7_0_1_, resource1_.source_key as source_k8_0_1_, resource1_.type as type9_0_1_, resource1_.update_time as update_10_0_1_ from tb_role_resource resources0_ inner join tb_resource resource1_ on resources0_.resource_id=resource1_.id where resources0_.role_id=?
2019-06-21 12:35:48.783 [http-nio-80-exec-9] DEBUG org.hibernate.SQL - select user0_.id as id1_5_, user0_.address as address2_5_, user0_.birthday as birthday3_5_, user0_.create_time as create_t4_5_, user0_.delete_status as delete_s5_5_, user0_.description as descript6_5_, user0_.email as email7_5_, user0_.locked as locked8_5_, user0_.nick_name as nick_nam9_5_, user0_.password as passwor10_5_, user0_.sex as sex11_5_, user0_.telephone as telepho12_5_, user0_.update_time as update_13_5_, user0_.user_name as user_na14_5_ from tb_user user0_ where user0_.user_name=?
2019-06-21 12:35:48.786 [http-nio-80-exec-9] DEBUG org.hibernate.SQL - select roles0_.user_id as user_id1_6_0_, roles0_.role_id as role_id2_6_0_, role1_.id as id1_3_1_, role1_.create_time as create_t2_3_1_, role1_.description as descript3_3_1_, role1_.name as name4_3_1_, role1_.role_key as role_key5_3_1_, role1_.status as status6_3_1_, role1_.update_time as update_t7_3_1_ from tb_user_role roles0_ inner join tb_role role1_ on roles0_.role_id=role1_.id where roles0_.user_id=?
2019-06-21 12:35:48.788 [http-nio-80-exec-9] DEBUG org.hibernate.SQL - select resources0_.role_id as role_id1_4_0_, resources0_.resource_id as resource2_4_0_, resource1_.id as id1_0_1_, resource1_.create_time as create_t2_0_1_, resource1_.description as descript3_0_1_, resource1_.is_hide as is_hide4_0_1_, resource1_.name as name5_0_1_, resource1_.num as num6_0_1_, resource1_.price as price7_0_1_, resource1_.source_key as source_k8_0_1_, resource1_.type as type9_0_1_, resource1_.update_time as update_10_0_1_ from tb_role_resource resources0_ inner join tb_resource resource1_ on resources0_.resource_id=resource1_.id where resources0_.role_id=?
2019-06-21 12:35:48.794 [http-nio-80-exec-9] DEBUG org.hibernate.SQL - select user0_.id as id1_5_, user0_.address as address2_5_, user0_.birthday as birthday3_5_, user0_.create_time as create_t4_5_, user0_.delete_status as delete_s5_5_, user0_.description as descript6_5_, user0_.email as email7_5_, user0_.locked as locked8_5_, user0_.nick_name as nick_nam9_5_, user0_.password as passwor10_5_, user0_.sex as sex11_5_, user0_.telephone as telepho12_5_, user0_.update_time as update_13_5_, user0_.user_name as user_na14_5_ from tb_user user0_ where user0_.user_name=?
2019-06-21 12:35:48.801 [http-nio-80-exec-9] DEBUG org.hibernate.SQL - select user0_.id as id1_5_, user0_.address as address2_5_, user0_.birthday as birthday3_5_, user0_.create_time as create_t4_5_, user0_.delete_status as delete_s5_5_, user0_.description as descript6_5_, user0_.email as email7_5_, user0_.locked as locked8_5_, user0_.nick_name as nick_nam9_5_, user0_.password as passwor10_5_, user0_.sex as sex11_5_, user0_.telephone as telepho12_5_, user0_.update_time as update_13_5_, user0_.user_name as user_na14_5_ from tb_user user0_ where user0_.user_name=?
2019-06-21 12:35:48.977 [http-nio-80-exec-5] DEBUG org.hibernate.SQL - select resource0_.id as id1_0_, resource0_.create_time as create_t2_0_, resource0_.description as descript3_0_, resource0_.is_hide as is_hide4_0_, resource0_.name as name5_0_, resource0_.num as num6_0_, resource0_.price as price7_0_, resource0_.source_key as source_k8_0_, resource0_.type as type9_0_, resource0_.update_time as update_10_0_ from tb_resource resource0_ where resource0_.name like ? limit ?
2019-06-21 12:35:48.981 [http-nio-80-exec-5] DEBUG org.hibernate.SQL - select count(resource0_.id) as col_0_0_ from tb_resource resource0_ where resource0_.name like ?
2019-06-21 12:35:49.512 [http-nio-80-exec-10] DEBUG org.hibernate.SQL - select user0_.id as id1_5_, user0_.address as address2_5_, user0_.birthday as birthday3_5_, user0_.create_time as create_t4_5_, user0_.delete_status as delete_s5_5_, user0_.description as descript6_5_, user0_.email as email7_5_, user0_.locked as locked8_5_, user0_.nick_name as nick_nam9_5_, user0_.password as passwor10_5_, user0_.sex as sex11_5_, user0_.telephone as telepho12_5_, user0_.update_time as update_13_5_, user0_.user_name as user_na14_5_ from tb_user user0_ where user0_.user_name=?
2019-06-21 12:35:49.513 [http-nio-80-exec-10] DEBUG org.hibernate.SQL - select roles0_.user_id as user_id1_6_0_, roles0_.role_id as role_id2_6_0_, role1_.id as id1_3_1_, role1_.create_time as create_t2_3_1_, role1_.description as descript3_3_1_, role1_.name as name4_3_1_, role1_.role_key as role_key5_3_1_, role1_.status as status6_3_1_, role1_.update_time as update_t7_3_1_ from tb_user_role roles0_ inner join tb_role role1_ on roles0_.role_id=role1_.id where roles0_.user_id=?
2019-06-21 12:35:49.517 [http-nio-80-exec-10] DEBUG org.hibernate.SQL - select resources0_.role_id as role_id1_4_0_, resources0_.resource_id as resource2_4_0_, resource1_.id as id1_0_1_, resource1_.create_time as create_t2_0_1_, resource1_.description as descript3_0_1_, resource1_.is_hide as is_hide4_0_1_, resource1_.name as name5_0_1_, resource1_.num as num6_0_1_, resource1_.price as price7_0_1_, resource1_.source_key as source_k8_0_1_, resource1_.type as type9_0_1_, resource1_.update_time as update_10_0_1_ from tb_role_resource resources0_ inner join tb_resource resource1_ on resources0_.resource_id=resource1_.id where resources0_.role_id=?
2019-06-21 12:35:49.521 [http-nio-80-exec-10] DEBUG org.hibernate.SQL - select user0_.id as id1_5_, user0_.address as address2_5_, user0_.birthday as birthday3_5_, user0_.create_time as create_t4_5_, user0_.delete_status as delete_s5_5_, user0_.description as descript6_5_, user0_.email as email7_5_, user0_.locked as locked8_5_, user0_.nick_name as nick_nam9_5_, user0_.password as passwor10_5_, user0_.sex as sex11_5_, user0_.telephone as telepho12_5_, user0_.update_time as update_13_5_, user0_.user_name as user_na14_5_ from tb_user user0_ where user0_.user_name=?
2019-06-21 12:35:49.524 [http-nio-80-exec-10] DEBUG org.hibernate.SQL - select user0_.id as id1_5_, user0_.address as address2_5_, user0_.birthday as birthday3_5_, user0_.create_time as create_t4_5_, user0_.delete_status as delete_s5_5_, user0_.description as descript6_5_, user0_.email as email7_5_, user0_.locked as locked8_5_, user0_.nick_name as nick_nam9_5_, user0_.password as passwor10_5_, user0_.sex as sex11_5_, user0_.telephone as telepho12_5_, user0_.update_time as update_13_5_, user0_.user_name as user_na14_5_ from tb_user user0_ where user0_.user_name=?
2019-06-21 12:35:49.627 [http-nio-80-exec-3] DEBUG org.hibernate.SQL - select addedresou0_.id as id1_1_, addedresou0_.create_time as create_t2_1_, addedresou0_.description as descript3_1_, addedresou0_.is_hide as is_hide4_1_, addedresou0_.name as name5_1_, addedresou0_.num as num6_1_, addedresou0_.price as price7_1_, addedresou0_.source_key as source_k8_1_, addedresou0_.type as type9_1_, addedresou0_.update_time as update_10_1_ from tb_resource_add addedresou0_ where addedresou0_.name like ? limit ?
2019-06-21 12:35:49.632 [http-nio-80-exec-3] DEBUG org.hibernate.SQL - select count(addedresou0_.id) as col_0_0_ from tb_resource_add addedresou0_ where addedresou0_.name like ?
2019-06-21 12:35:50.322 [http-nio-80-exec-2] DEBUG org.hibernate.SQL - select user0_.id as id1_5_, user0_.address as address2_5_, user0_.birthday as birthday3_5_, user0_.create_time as create_t4_5_, user0_.delete_status as delete_s5_5_, user0_.description as descript6_5_, user0_.email as email7_5_, user0_.locked as locked8_5_, user0_.nick_name as nick_nam9_5_, user0_.password as passwor10_5_, user0_.sex as sex11_5_, user0_.telephone as telepho12_5_, user0_.update_time as update_13_5_, user0_.user_name as user_na14_5_ from tb_user user0_ where user0_.user_name=?
2019-06-21 12:35:50.324 [http-nio-80-exec-2] DEBUG org.hibernate.SQL - select roles0_.user_id as user_id1_6_0_, roles0_.role_id as role_id2_6_0_, role1_.id as id1_3_1_, role1_.create_time as create_t2_3_1_, role1_.description as descript3_3_1_, role1_.name as name4_3_1_, role1_.role_key as role_key5_3_1_, role1_.status as status6_3_1_, role1_.update_time as update_t7_3_1_ from tb_user_role roles0_ inner join tb_role role1_ on roles0_.role_id=role1_.id where roles0_.user_id=?
2019-06-21 12:35:50.326 [http-nio-80-exec-2] DEBUG org.hibernate.SQL - select resources0_.role_id as role_id1_4_0_, resources0_.resource_id as resource2_4_0_, resource1_.id as id1_0_1_, resource1_.create_time as create_t2_0_1_, resource1_.description as descript3_0_1_, resource1_.is_hide as is_hide4_0_1_, resource1_.name as name5_0_1_, resource1_.num as num6_0_1_, resource1_.price as price7_0_1_, resource1_.source_key as source_k8_0_1_, resource1_.type as type9_0_1_, resource1_.update_time as update_10_0_1_ from tb_role_resource resources0_ inner join tb_resource resource1_ on resources0_.resource_id=resource1_.id where resources0_.role_id=?
2019-06-21 12:35:50.330 [http-nio-80-exec-2] DEBUG org.hibernate.SQL - select user0_.id as id1_5_, user0_.address as address2_5_, user0_.birthday as birthday3_5_, user0_.create_time as create_t4_5_, user0_.delete_status as delete_s5_5_, user0_.description as descript6_5_, user0_.email as email7_5_, user0_.locked as locked8_5_, user0_.nick_name as nick_nam9_5_, user0_.password as passwor10_5_, user0_.sex as sex11_5_, user0_.telephone as telepho12_5_, user0_.update_time as update_13_5_, user0_.user_name as user_na14_5_ from tb_user user0_ where user0_.user_name=?
2019-06-21 12:35:50.335 [http-nio-80-exec-2] DEBUG org.hibernate.SQL - select user0_.id as id1_5_, user0_.address as address2_5_, user0_.birthday as birthday3_5_, user0_.create_time as create_t4_5_, user0_.delete_status as delete_s5_5_, user0_.description as descript6_5_, user0_.email as email7_5_, user0_.locked as locked8_5_, user0_.nick_name as nick_nam9_5_, user0_.password as passwor10_5_, user0_.sex as sex11_5_, user0_.telephone as telepho12_5_, user0_.update_time as update_13_5_, user0_.user_name as user_na14_5_ from tb_user user0_ where user0_.user_name=?
2019-06-21 12:35:50.455 [http-nio-80-exec-9] DEBUG org.hibernate.SQL - select addedinput0_.id as id1_2_, addedinput0_.create_time as create_t2_2_, addedinput0_.description as descript3_2_, addedinput0_.is_hide as is_hide4_2_, addedinput0_.name as name5_2_, addedinput0_.num as num6_2_, addedinput0_.price as price7_2_, addedinput0_.source_key as source_k8_2_, addedinput0_.type as type9_2_, addedinput0_.update_time as update_10_2_ from tb_resource_input addedinput0_ where addedinput0_.name like ? limit ?
2019-06-21 12:35:50.457 [http-nio-80-exec-9] DEBUG org.hibernate.SQL - select count(addedinput0_.id) as col_0_0_ from tb_resource_input addedinput0_ where addedinput0_.name like ?
